<?xml version="1.0" encoding="UTF-8"?>
<testsuite xmlns:xsi="http://www.w3.org/2001/XMLSchema-instance" xsi:noNamespaceSchemaLocation="https://maven.apache.org/surefire/maven-surefire-plugin/xsd/surefire-test-report.xsd" name="com.mindtree.user.UserServiceApplicationTests" time="16.023" tests="1" errors="1" skipped="0" failures="0">
  <properties>
    <property name="sun.desktop" value="windows"/>
    <property name="awt.toolkit" value="sun.awt.windows.WToolkit"/>
    <property name="file.encoding.pkg" value="sun.io"/>
    <property name="java.specification.version" value="1.8"/>
    <property name="sun.cpu.isalist" value="pentium_pro+mmx pentium_pro pentium+mmx pentium i486 i386 i86"/>
    <property name="sun.jnu.encoding" value="Cp1252"/>
    <property name="java.class.path" value="C:\Users\M1052874\HandsOn\CloudWorkspace\CodeBase\user-service\user-service\target\test-classes;C:\Users\M1052874\HandsOn\CloudWorkspace\CodeBase\user-service\user-service\target\classes;C:\Users\M1052874\.m2\repository2\org\springframework\boot\spring-boot-starter-web\2.2.2.RELEASE\spring-boot-starter-web-2.2.2.RELEASE.jar;C:\Users\M1052874\.m2\repository2\org\springframework\boot\spring-boot-starter\2.2.2.RELEASE\spring-boot-starter-2.2.2.RELEASE.jar;C:\Users\M1052874\.m2\repository2\org\springframework\boot\spring-boot-starter-logging\2.2.2.RELEASE\spring-boot-starter-logging-2.2.2.RELEASE.jar;C:\Users\M1052874\.m2\repository2\ch\qos\logback\logback-classic\1.2.3\logback-classic-1.2.3.jar;C:\Users\M1052874\.m2\repository2\ch\qos\logback\logback-core\1.2.3\logback-core-1.2.3.jar;C:\Users\M1052874\.m2\repository2\org\apache\logging\log4j\log4j-to-slf4j\2.12.1\log4j-to-slf4j-2.12.1.jar;C:\Users\M1052874\.m2\repository2\org\apache\logging\log4j\log4j-api\2.12.1\log4j-api-2.12.1.jar;C:\Users\M1052874\.m2\repository2\org\slf4j\jul-to-slf4j\1.7.29\jul-to-slf4j-1.7.29.jar;C:\Users\M1052874\.m2\repository2\jakarta\annotation\jakarta.annotation-api\1.3.5\jakarta.annotation-api-1.3.5.jar;C:\Users\M1052874\.m2\repository2\org\yaml\snakeyaml\1.25\snakeyaml-1.25.jar;C:\Users\M1052874\.m2\repository2\org\springframework\boot\spring-boot-starter-json\2.2.2.RELEASE\spring-boot-starter-json-2.2.2.RELEASE.jar;C:\Users\M1052874\.m2\repository2\com\fasterxml\jackson\datatype\jackson-datatype-jdk8\2.10.1\jackson-datatype-jdk8-2.10.1.jar;C:\Users\M1052874\.m2\repository2\com\fasterxml\jackson\datatype\jackson-datatype-jsr310\2.10.1\jackson-datatype-jsr310-2.10.1.jar;C:\Users\M1052874\.m2\repository2\com\fasterxml\jackson\module\jackson-module-parameter-names\2.10.1\jackson-module-parameter-names-2.10.1.jar;C:\Users\M1052874\.m2\repository2\org\springframework\boot\spring-boot-starter-tomcat\2.2.2.RELEASE\spring-boot-starter-tomcat-2.2.2.RELEASE.jar;C:\Users\M1052874\.m2\repository2\org\apache\tomcat\embed\tomcat-embed-core\9.0.29\tomcat-embed-core-9.0.29.jar;C:\Users\M1052874\.m2\repository2\org\apache\tomcat\embed\tomcat-embed-el\9.0.29\tomcat-embed-el-9.0.29.jar;C:\Users\M1052874\.m2\repository2\org\apache\tomcat\embed\tomcat-embed-websocket\9.0.29\tomcat-embed-websocket-9.0.29.jar;C:\Users\M1052874\.m2\repository2\org\springframework\boot\spring-boot-starter-validation\2.2.2.RELEASE\spring-boot-starter-validation-2.2.2.RELEASE.jar;C:\Users\M1052874\.m2\repository2\jakarta\validation\jakarta.validation-api\2.0.1\jakarta.validation-api-2.0.1.jar;C:\Users\M1052874\.m2\repository2\org\hibernate\validator\hibernate-validator\6.0.18.Final\hibernate-validator-6.0.18.Final.jar;C:\Users\M1052874\.m2\repository2\org\jboss\logging\jboss-logging\3.4.1.Final\jboss-logging-3.4.1.Final.jar;C:\Users\M1052874\.m2\repository2\org\springframework\spring-web\5.2.2.RELEASE\spring-web-5.2.2.RELEASE.jar;C:\Users\M1052874\.m2\repository2\org\springframework\spring-beans\5.2.2.RELEASE\spring-beans-5.2.2.RELEASE.jar;C:\Users\M1052874\.m2\repository2\org\springframework\spring-webmvc\5.2.2.RELEASE\spring-webmvc-5.2.2.RELEASE.jar;C:\Users\M1052874\.m2\repository2\org\springframework\spring-context\5.2.2.RELEASE\spring-context-5.2.2.RELEASE.jar;C:\Users\M1052874\.m2\repository2\org\springframework\spring-expression\5.2.2.RELEASE\spring-expression-5.2.2.RELEASE.jar;C:\Users\M1052874\.m2\repository2\org\springframework\cloud\spring-cloud-starter-config\2.2.0.RELEASE\spring-cloud-starter-config-2.2.0.RELEASE.jar;C:\Users\M1052874\.m2\repository2\org\springframework\cloud\spring-cloud-starter\2.2.0.RELEASE\spring-cloud-starter-2.2.0.RELEASE.jar;C:\Users\M1052874\.m2\repository2\org\springframework\cloud\spring-cloud-context\2.2.0.RELEASE\spring-cloud-context-2.2.0.RELEASE.jar;C:\Users\M1052874\.m2\repository2\org\springframework\security\spring-security-crypto\5.2.1.RELEASE\spring-security-crypto-5.2.1.RELEASE.jar;C:\Users\M1052874\.m2\repository2\org\springframework\cloud\spring-cloud-commons\2.2.0.RELEASE\spring-cloud-commons-2.2.0.RELEASE.jar;C:\Users\M1052874\.m2\repository2\org\springframework\security\spring-security-rsa\1.0.7.RELEASE\spring-security-rsa-1.0.7.RELEASE.jar;C:\Users\M1052874\.m2\repository2\org\springframework\cloud\spring-cloud-config-client\2.2.0.RELEASE\spring-cloud-config-client-2.2.0.RELEASE.jar;C:\Users\M1052874\.m2\repository2\org\springframework\cloud\spring-cloud-starter-netflix-eureka-server\2.2.0.RELEASE\spring-cloud-starter-netflix-eureka-server-2.2.0.RELEASE.jar;C:\Users\M1052874\.m2\repository2\org\springframework\cloud\spring-cloud-netflix-eureka-server\2.2.0.RELEASE\spring-cloud-netflix-eureka-server-2.2.0.RELEASE.jar;C:\Users\M1052874\.m2\repository2\org\springframework\boot\spring-boot-starter-actuator\2.2.2.RELEASE\spring-boot-starter-actuator-2.2.2.RELEASE.jar;C:\Users\M1052874\.m2\repository2\org\springframework\boot\spring-boot-actuator-autoconfigure\2.2.2.RELEASE\spring-boot-actuator-autoconfigure-2.2.2.RELEASE.jar;C:\Users\M1052874\.m2\repository2\org\springframework\boot\spring-boot-actuator\2.2.2.RELEASE\spring-boot-actuator-2.2.2.RELEASE.jar;C:\Users\M1052874\.m2\repository2\io\micrometer\micrometer-core\1.3.1\micrometer-core-1.3.1.jar;C:\Users\M1052874\.m2\repository2\org\hdrhistogram\HdrHistogram\2.1.11\HdrHistogram-2.1.11.jar;C:\Users\M1052874\.m2\repository2\org\latencyutils\LatencyUtils\2.0.3\LatencyUtils-2.0.3.jar;C:\Users\M1052874\.m2\repository2\org\springframework\boot\spring-boot-starter-freemarker\2.2.2.RELEASE\spring-boot-starter-freemarker-2.2.2.RELEASE.jar;C:\Users\M1052874\.m2\repository2\org\freemarker\freemarker\2.3.29\freemarker-2.3.29.jar;C:\Users\M1052874\.m2\repository2\org\springframework\spring-context-support\5.2.2.RELEASE\spring-context-support-5.2.2.RELEASE.jar;C:\Users\M1052874\.m2\repository2\org\springframework\cloud\spring-cloud-netflix-hystrix\2.2.0.RELEASE\spring-cloud-netflix-hystrix-2.2.0.RELEASE.jar;C:\Users\M1052874\.m2\repository2\org\springframework\boot\spring-boot-starter-aop\2.2.2.RELEASE\spring-boot-starter-aop-2.2.2.RELEASE.jar;C:\Users\M1052874\.m2\repository2\org\aspectj\aspectjweaver\1.9.5\aspectjweaver-1.9.5.jar;C:\Users\M1052874\.m2\repository2\org\springframework\cloud\spring-cloud-netflix-eureka-client\2.2.0.RELEASE\spring-cloud-netflix-eureka-client-2.2.0.RELEASE.jar;C:\Users\M1052874\.m2\repository2\com\netflix\eureka\eureka-client\1.9.13\eureka-client-1.9.13.jar;C:\Users\M1052874\.m2\repository2\org\codehaus\jettison\jettison\1.3.7\jettison-1.3.7.jar;C:\Users\M1052874\.m2\repository2\stax\stax-api\1.0.1\stax-api-1.0.1.jar;C:\Users\M1052874\.m2\repository2\com\netflix\netflix-commons\netflix-eventbus\0.3.0\netflix-eventbus-0.3.0.jar;C:\Users\M1052874\.m2\repository2\com\netflix\netflix-commons\netflix-infix\0.3.0\netflix-infix-0.3.0.jar;C:\Users\M1052874\.m2\repository2\commons-jxpath\commons-jxpath\1.3\commons-jxpath-1.3.jar;C:\Users\M1052874\.m2\repository2\joda-time\joda-time\2.10.5\joda-time-2.10.5.jar;C:\Users\M1052874\.m2\repository2\org\antlr\antlr-runtime\3.4\antlr-runtime-3.4.jar;C:\Users\M1052874\.m2\repository2\org\antlr\stringtemplate\3.2.1\stringtemplate-3.2.1.jar;C:\Users\M1052874\.m2\repository2\antlr\antlr\2.7.7\antlr-2.7.7.jar;C:\Users\M1052874\.m2\repository2\com\google\code\gson\gson\2.8.6\gson-2.8.6.jar;C:\Users\M1052874\.m2\repository2\org\apache\commons\commons-math\2.2\commons-math-2.2.jar;C:\Users\M1052874\.m2\repository2\javax\ws\rs\jsr311-api\1.1.1\jsr311-api-1.1.1.jar;C:\Users\M1052874\.m2\repository2\com\netflix\servo\servo-core\0.12.21\servo-core-0.12.21.jar;C:\Users\M1052874\.m2\repository2\com\sun\jersey\jersey-core\1.19.1\jersey-core-1.19.1.jar;C:\Users\M1052874\.m2\repository2\com\sun\jersey\contribs\jersey-apache-client4\1.19.1\jersey-apache-client4-1.19.1.jar;C:\Users\M1052874\.m2\repository2\org\apache\httpcomponents\httpclient\4.5.10\httpclient-4.5.10.jar;C:\Users\M1052874\.m2\repository2\org\apache\httpcomponents\httpcore\4.4.12\httpcore-4.4.12.jar;C:\Users\M1052874\.m2\repository2\com\google\inject\guice\4.1.0\guice-4.1.0.jar;C:\Users\M1052874\.m2\repository2\aopalliance\aopalliance\1.0\aopalliance-1.0.jar;C:\Users\M1052874\.m2\repository2\com\sun\jersey\jersey-servlet\1.19.1\jersey-servlet-1.19.1.jar;C:\Users\M1052874\.m2\repository2\com\sun\jersey\jersey-server\1.19.1\jersey-server-1.19.1.jar;C:\Users\M1052874\.m2\repository2\com\sun\jersey\jersey-client\1.19.1\jersey-client-1.19.1.jar;C:\Users\M1052874\.m2\repository2\com\netflix\eureka\eureka-core\1.9.13\eureka-core-1.9.13.jar;C:\Users\M1052874\.m2\repository2\com\fasterxml\woodstox\woodstox-core\5.2.1\woodstox-core-5.2.1.jar;C:\Users\M1052874\.m2\repository2\com\netflix\archaius\archaius-core\0.7.6\archaius-core-0.7.6.jar;C:\Users\M1052874\.m2\repository2\com\google\code\findbugs\jsr305\3.0.1\jsr305-3.0.1.jar;C:\Users\M1052874\.m2\repository2\javax\inject\javax.inject\1\javax.inject-1.jar;C:\Users\M1052874\.m2\repository2\com\fasterxml\jackson\dataformat\jackson-dataformat-xml\2.10.1\jackson-dataformat-xml-2.10.1.jar;C:\Users\M1052874\.m2\repository2\com\fasterxml\jackson\module\jackson-module-jaxb-annotations\2.10.1\jackson-module-jaxb-annotations-2.10.1.jar;C:\Users\M1052874\.m2\repository2\org\codehaus\woodstox\stax2-api\4.2\stax2-api-4.2.jar;C:\Users\M1052874\.m2\repository2\com\thoughtworks\xstream\xstream\1.4.11.1\xstream-1.4.11.1.jar;C:\Users\M1052874\.m2\repository2\xmlpull\xmlpull\1.1.3.1\xmlpull-1.1.3.1.jar;C:\Users\M1052874\.m2\repository2\xpp3\xpp3_min\1.1.4c\xpp3_min-1.1.4c.jar;C:\Users\M1052874\.m2\repository2\org\springframework\cloud\spring-cloud-starter-netflix-archaius\2.2.0.RELEASE\spring-cloud-starter-netflix-archaius-2.2.0.RELEASE.jar;C:\Users\M1052874\.m2\repository2\org\springframework\cloud\spring-cloud-netflix-ribbon\2.2.0.RELEASE\spring-cloud-netflix-ribbon-2.2.0.RELEASE.jar;C:\Users\M1052874\.m2\repository2\org\springframework\cloud\spring-cloud-netflix-archaius\2.2.0.RELEASE\spring-cloud-netflix-archaius-2.2.0.RELEASE.jar;C:\Users\M1052874\.m2\repository2\commons-configuration\commons-configuration\1.8\commons-configuration-1.8.jar;C:\Users\M1052874\.m2\repository2\commons-lang\commons-lang\2.6\commons-lang-2.6.jar;C:\Users\M1052874\.m2\repository2\org\springframework\cloud\spring-cloud-starter-netflix-ribbon\2.2.0.RELEASE\spring-cloud-starter-netflix-ribbon-2.2.0.RELEASE.jar;C:\Users\M1052874\.m2\repository2\com\netflix\ribbon\ribbon\2.3.0\ribbon-2.3.0.jar;C:\Users\M1052874\.m2\repository2\com\netflix\ribbon\ribbon-transport\2.3.0\ribbon-transport-2.3.0.jar;C:\Users\M1052874\.m2\repository2\io\reactivex\rxnetty-contexts\0.4.9\rxnetty-contexts-0.4.9.jar;C:\Users\M1052874\.m2\repository2\io\reactivex\rxnetty-servo\0.4.9\rxnetty-servo-0.4.9.jar;C:\Users\M1052874\.m2\repository2\com\netflix\hystrix\hystrix-core\1.5.18\hystrix-core-1.5.18.jar;C:\Users\M1052874\.m2\repository2\io\reactivex\rxnetty\0.4.9\rxnetty-0.4.9.jar;C:\Users\M1052874\.m2\repository2\com\netflix\ribbon\ribbon-core\2.3.0\ribbon-core-2.3.0.jar;C:\Users\M1052874\.m2\repository2\com\netflix\ribbon\ribbon-httpclient\2.3.0\ribbon-httpclient-2.3.0.jar;C:\Users\M1052874\.m2\repository2\commons-collections\commons-collections\3.2.2\commons-collections-3.2.2.jar;C:\Users\M1052874\.m2\repository2\com\netflix\netflix-commons\netflix-commons-util\0.3.0\netflix-commons-util-0.3.0.jar;C:\Users\M1052874\.m2\repository2\com\netflix\ribbon\ribbon-loadbalancer\2.3.0\ribbon-loadbalancer-2.3.0.jar;C:\Users\M1052874\.m2\repository2\com\netflix\netflix-commons\netflix-statistics\0.1.1\netflix-statistics-0.1.1.jar;C:\Users\M1052874\.m2\repository2\io\reactivex\rxjava\1.3.8\rxjava-1.3.8.jar;C:\Users\M1052874\.m2\repository2\org\springframework\cloud\spring-cloud-starter-loadbalancer\2.2.0.RELEASE\spring-cloud-starter-loadbalancer-2.2.0.RELEASE.jar;C:\Users\M1052874\.m2\repository2\org\springframework\cloud\spring-cloud-loadbalancer\2.2.0.RELEASE\spring-cloud-loadbalancer-2.2.0.RELEASE.jar;C:\Users\M1052874\.m2\repository2\io\projectreactor\reactor-core\3.3.1.RELEASE\reactor-core-3.3.1.RELEASE.jar;C:\Users\M1052874\.m2\repository2\org\reactivestreams\reactive-streams\1.0.3\reactive-streams-1.0.3.jar;C:\Users\M1052874\.m2\repository2\io\projectreactor\addons\reactor-extra\3.3.1.RELEASE\reactor-extra-3.3.1.RELEASE.jar;C:\Users\M1052874\.m2\repository2\org\springframework\boot\spring-boot-starter-cache\2.2.2.RELEASE\spring-boot-starter-cache-2.2.2.RELEASE.jar;C:\Users\M1052874\.m2\repository2\com\stoyanr\evictor\1.0.0\evictor-1.0.0.jar;C:\Users\M1052874\.m2\repository2\com\netflix\ribbon\ribbon-eureka\2.3.0\ribbon-eureka-2.3.0.jar;C:\Users\M1052874\.m2\repository2\org\glassfish\jaxb\jaxb-runtime\2.3.2\jaxb-runtime-2.3.2.jar;C:\Users\M1052874\.m2\repository2\org\glassfish\jaxb\txw2\2.3.2\txw2-2.3.2.jar;C:\Users\M1052874\.m2\repository2\com\sun\istack\istack-commons-runtime\3.0.8\istack-commons-runtime-3.0.8.jar;C:\Users\M1052874\.m2\repository2\org\jvnet\staxex\stax-ex\1.8.1\stax-ex-1.8.1.jar;C:\Users\M1052874\.m2\repository2\com\sun\xml\fastinfoset\FastInfoset\1.2.16\FastInfoset-1.2.16.jar;C:\Users\M1052874\.m2\repository2\jakarta\activation\jakarta.activation-api\1.2.1\jakarta.activation-api-1.2.1.jar;C:\Users\M1052874\.m2\repository2\org\springframework\boot\spring-boot-starter-data-mongodb\2.2.2.RELEASE\spring-boot-starter-data-mongodb-2.2.2.RELEASE.jar;C:\Users\M1052874\.m2\repository2\org\mongodb\mongodb-driver\3.11.2\mongodb-driver-3.11.2.jar;C:\Users\M1052874\.m2\repository2\org\mongodb\bson\3.11.2\bson-3.11.2.jar;C:\Users\M1052874\.m2\repository2\org\mongodb\mongodb-driver-core\3.11.2\mongodb-driver-core-3.11.2.jar;C:\Users\M1052874\.m2\repository2\org\springframework\data\spring-data-mongodb\2.2.3.RELEASE\spring-data-mongodb-2.2.3.RELEASE.jar;C:\Users\M1052874\.m2\repository2\org\springframework\spring-tx\5.2.2.RELEASE\spring-tx-5.2.2.RELEASE.jar;C:\Users\M1052874\.m2\repository2\org\springframework\data\spring-data-commons\2.2.3.RELEASE\spring-data-commons-2.2.3.RELEASE.jar;C:\Users\M1052874\.m2\repository2\org\springframework\boot\spring-boot-starter-security\2.2.2.RELEASE\spring-boot-starter-security-2.2.2.RELEASE.jar;C:\Users\M1052874\.m2\repository2\org\springframework\spring-aop\5.2.2.RELEASE\spring-aop-5.2.2.RELEASE.jar;C:\Users\M1052874\.m2\repository2\org\springframework\security\spring-security-config\5.2.1.RELEASE\spring-security-config-5.2.1.RELEASE.jar;C:\Users\M1052874\.m2\repository2\org\springframework\security\spring-security-web\5.2.1.RELEASE\spring-security-web-5.2.1.RELEASE.jar;C:\Users\M1052874\.m2\repository2\com\fasterxml\jackson\core\jackson-databind\2.10.1\jackson-databind-2.10.1.jar;C:\Users\M1052874\.m2\repository2\com\fasterxml\jackson\core\jackson-annotations\2.10.1\jackson-annotations-2.10.1.jar;C:\Users\M1052874\.m2\repository2\com\fasterxml\jackson\core\jackson-core\2.10.1\jackson-core-2.10.1.jar;C:\Users\M1052874\.m2\repository2\org\springframework\boot\spring-boot-starter-oauth2-client\2.2.2.RELEASE\spring-boot-starter-oauth2-client-2.2.2.RELEASE.jar;C:\Users\M1052874\.m2\repository2\com\sun\mail\jakarta.mail\1.6.4\jakarta.mail-1.6.4.jar;C:\Users\M1052874\.m2\repository2\com\sun\activation\jakarta.activation\1.2.1\jakarta.activation-1.2.1.jar;C:\Users\M1052874\.m2\repository2\org\springframework\security\spring-security-core\5.2.1.RELEASE\spring-security-core-5.2.1.RELEASE.jar;C:\Users\M1052874\.m2\repository2\org\springframework\security\spring-security-oauth2-client\5.2.1.RELEASE\spring-security-oauth2-client-5.2.1.RELEASE.jar;C:\Users\M1052874\.m2\repository2\com\nimbusds\oauth2-oidc-sdk\6.14\oauth2-oidc-sdk-6.14.jar;C:\Users\M1052874\.m2\repository2\com\github\stephenc\jcip\jcip-annotations\1.0-1\jcip-annotations-1.0-1.jar;C:\Users\M1052874\.m2\repository2\com\nimbusds\lang-tag\1.4.4\lang-tag-1.4.4.jar;C:\Users\M1052874\.m2\repository2\org\springframework\security\spring-security-oauth2-core\5.2.1.RELEASE\spring-security-oauth2-core-5.2.1.RELEASE.jar;C:\Users\M1052874\.m2\repository2\org\springframework\security\spring-security-oauth2-jose\5.2.1.RELEASE\spring-security-oauth2-jose-5.2.1.RELEASE.jar;C:\Users\M1052874\.m2\repository2\com\nimbusds\nimbus-jose-jwt\7.8\nimbus-jose-jwt-7.8.jar;C:\Users\M1052874\.m2\repository2\org\springframework\security\oauth\boot\spring-security-oauth2-autoconfigure\2.1.2.RELEASE\spring-security-oauth2-autoconfigure-2.1.2.RELEASE.jar;C:\Users\M1052874\.m2\repository2\com\sun\xml\bind\jaxb-core\2.3.0.1\jaxb-core-2.3.0.1.jar;C:\Users\M1052874\.m2\repository2\com\sun\xml\bind\jaxb-impl\2.3.0.1\jaxb-impl-2.3.0.1.jar;C:\Users\M1052874\.m2\repository2\javax\xml\bind\jaxb-api\2.3.1\jaxb-api-2.3.1.jar;C:\Users\M1052874\.m2\repository2\javax\activation\javax.activation-api\1.2.0\javax.activation-api-1.2.0.jar;C:\Users\M1052874\.m2\repository2\org\springframework\boot\spring-boot\2.2.2.RELEASE\spring-boot-2.2.2.RELEASE.jar;C:\Users\M1052874\.m2\repository2\org\springframework\boot\spring-boot-autoconfigure\2.2.2.RELEASE\spring-boot-autoconfigure-2.2.2.RELEASE.jar;C:\Users\M1052874\.m2\repository2\org\springframework\security\oauth\spring-security-oauth2\2.3.4.RELEASE\spring-security-oauth2-2.3.4.RELEASE.jar;C:\Users\M1052874\.m2\repository2\commons-codec\commons-codec\1.13\commons-codec-1.13.jar;C:\Users\M1052874\.m2\repository2\org\codehaus\jackson\jackson-mapper-asl\1.9.13\jackson-mapper-asl-1.9.13.jar;C:\Users\M1052874\.m2\repository2\org\codehaus\jackson\jackson-core-asl\1.9.13\jackson-core-asl-1.9.13.jar;C:\Users\M1052874\.m2\repository2\org\springframework\security\spring-security-jwt\1.0.9.RELEASE\spring-security-jwt-1.0.9.RELEASE.jar;C:\Users\M1052874\.m2\repository2\org\bouncycastle\bcpkix-jdk15on\1.56\bcpkix-jdk15on-1.56.jar;C:\Users\M1052874\.m2\repository2\org\bouncycastle\bcprov-jdk15on\1.56\bcprov-jdk15on-1.56.jar;C:\Users\M1052874\.m2\repository2\io\springfox\springfox-swagger-ui\2.6.1\springfox-swagger-ui-2.6.1.jar;C:\Users\M1052874\.m2\repository2\io\springfox\springfox-spring-web\2.6.1\springfox-spring-web-2.6.1.jar;C:\Users\M1052874\.m2\repository2\io\springfox\springfox-swagger2\2.6.1\springfox-swagger2-2.6.1.jar;C:\Users\M1052874\.m2\repository2\io\swagger\swagger-annotations\1.5.10\swagger-annotations-1.5.10.jar;C:\Users\M1052874\.m2\repository2\io\swagger\swagger-models\1.5.10\swagger-models-1.5.10.jar;C:\Users\M1052874\.m2\repository2\io\springfox\springfox-spi\2.6.1\springfox-spi-2.6.1.jar;C:\Users\M1052874\.m2\repository2\io\springfox\springfox-core\2.6.1\springfox-core-2.6.1.jar;C:\Users\M1052874\.m2\repository2\io\springfox\springfox-schema\2.6.1\springfox-schema-2.6.1.jar;C:\Users\M1052874\.m2\repository2\io\springfox\springfox-swagger-common\2.6.1\springfox-swagger-common-2.6.1.jar;C:\Users\M1052874\.m2\repository2\com\google\guava\guava\18.0\guava-18.0.jar;C:\Users\M1052874\.m2\repository2\com\fasterxml\classmate\1.5.1\classmate-1.5.1.jar;C:\Users\M1052874\.m2\repository2\org\slf4j\slf4j-api\1.7.29\slf4j-api-1.7.29.jar;C:\Users\M1052874\.m2\repository2\org\springframework\plugin\spring-plugin-core\1.2.0.RELEASE\spring-plugin-core-1.2.0.RELEASE.jar;C:\Users\M1052874\.m2\repository2\org\springframework\plugin\spring-plugin-metadata\1.2.0.RELEASE\spring-plugin-metadata-1.2.0.RELEASE.jar;C:\Users\M1052874\.m2\repository2\org\mapstruct\mapstruct\1.0.0.Final\mapstruct-1.0.0.Final.jar;C:\Users\M1052874\.m2\repository2\io\springfox\springfox-bean-validators\2.8.0\springfox-bean-validators-2.8.0.jar;C:\Users\M1052874\.m2\repository2\org\springframework\boot\spring-boot-starter-test\2.2.2.RELEASE\spring-boot-starter-test-2.2.2.RELEASE.jar;C:\Users\M1052874\.m2\repository2\org\springframework\boot\spring-boot-test\2.2.2.RELEASE\spring-boot-test-2.2.2.RELEASE.jar;C:\Users\M1052874\.m2\repository2\org\springframework\boot\spring-boot-test-autoconfigure\2.2.2.RELEASE\spring-boot-test-autoconfigure-2.2.2.RELEASE.jar;C:\Users\M1052874\.m2\repository2\com\jayway\jsonpath\json-path\2.4.0\json-path-2.4.0.jar;C:\Users\M1052874\.m2\repository2\net\minidev\json-smart\2.3\json-smart-2.3.jar;C:\Users\M1052874\.m2\repository2\net\minidev\accessors-smart\1.2\accessors-smart-1.2.jar;C:\Users\M1052874\.m2\repository2\org\ow2\asm\asm\5.0.4\asm-5.0.4.jar;C:\Users\M1052874\.m2\repository2\jakarta\xml\bind\jakarta.xml.bind-api\2.3.2\jakarta.xml.bind-api-2.3.2.jar;C:\Users\M1052874\.m2\repository2\org\junit\jupiter\junit-jupiter\5.5.2\junit-jupiter-5.5.2.jar;C:\Users\M1052874\.m2\repository2\org\junit\jupiter\junit-jupiter-api\5.5.2\junit-jupiter-api-5.5.2.jar;C:\Users\M1052874\.m2\repository2\org\apiguardian\apiguardian-api\1.1.0\apiguardian-api-1.1.0.jar;C:\Users\M1052874\.m2\repository2\org\opentest4j\opentest4j\1.2.0\opentest4j-1.2.0.jar;C:\Users\M1052874\.m2\repository2\org\junit\platform\junit-platform-commons\1.5.2\junit-platform-commons-1.5.2.jar;C:\Users\M1052874\.m2\repository2\org\junit\jupiter\junit-jupiter-params\5.5.2\junit-jupiter-params-5.5.2.jar;C:\Users\M1052874\.m2\repository2\org\junit\jupiter\junit-jupiter-engine\5.5.2\junit-jupiter-engine-5.5.2.jar;C:\Users\M1052874\.m2\repository2\org\junit\platform\junit-platform-engine\1.5.2\junit-platform-engine-1.5.2.jar;C:\Users\M1052874\.m2\repository2\org\mockito\mockito-junit-jupiter\3.1.0\mockito-junit-jupiter-3.1.0.jar;C:\Users\M1052874\.m2\repository2\org\assertj\assertj-core\3.13.2\assertj-core-3.13.2.jar;C:\Users\M1052874\.m2\repository2\org\hamcrest\hamcrest\2.1\hamcrest-2.1.jar;C:\Users\M1052874\.m2\repository2\org\mockito\mockito-core\3.1.0\mockito-core-3.1.0.jar;C:\Users\M1052874\.m2\repository2\net\bytebuddy\byte-buddy\1.10.4\byte-buddy-1.10.4.jar;C:\Users\M1052874\.m2\repository2\net\bytebuddy\byte-buddy-agent\1.10.4\byte-buddy-agent-1.10.4.jar;C:\Users\M1052874\.m2\repository2\org\objenesis\objenesis\2.6\objenesis-2.6.jar;C:\Users\M1052874\.m2\repository2\org\skyscreamer\jsonassert\1.5.0\jsonassert-1.5.0.jar;C:\Users\M1052874\.m2\repository2\com\vaadin\external\google\android-json\0.0.20131108.vaadin1\android-json-0.0.20131108.vaadin1.jar;C:\Users\M1052874\.m2\repository2\org\springframework\spring-core\5.2.2.RELEASE\spring-core-5.2.2.RELEASE.jar;C:\Users\M1052874\.m2\repository2\org\springframework\spring-jcl\5.2.2.RELEASE\spring-jcl-5.2.2.RELEASE.jar;C:\Users\M1052874\.m2\repository2\org\springframework\spring-test\5.2.2.RELEASE\spring-test-5.2.2.RELEASE.jar;C:\Users\M1052874\.m2\repository2\org\xmlunit\xmlunit-core\2.6.3\xmlunit-core-2.6.3.jar;"/>
    <property name="java.vm.vendor" value="Oracle Corporation"/>
    <property name="sun.arch.data.model" value="32"/>
    <property name="user.variant" value=""/>
    <property name="java.vendor.url" value="http://java.oracle.com/"/>
    <property name="user.timezone" value="Asia/Calcutta"/>
    <property name="java.vm.specification.version" value="1.8"/>
    <property name="os.name" value="Windows 10"/>
    <property name="skipTestcase" value="true"/>
    <property name="user.country" value="US"/>
    <property name="sun.java.launcher" value="SUN_STANDARD"/>
    <property name="sun.boot.library.path" value="C:\Program Files (x86)\Java\jdk1.8.0_101\jre\bin"/>
    <property name="sun.java.command" value="C:\Users\M1052874\AppData\Local\Temp\surefire2896927223120854834\surefirebooter1525776688847324719.jar C:\Users\M1052874\AppData\Local\Temp\surefire2896927223120854834 2020-01-30T16-39-37_408-jvmRun1 surefire5780340919461640664tmp surefire_04669959146368348795tmp"/>
    <property name="surefire.test.class.path" value="C:\Users\M1052874\HandsOn\CloudWorkspace\CodeBase\user-service\user-service\target\test-classes;C:\Users\M1052874\HandsOn\CloudWorkspace\CodeBase\user-service\user-service\target\classes;C:\Users\M1052874\.m2\repository2\org\springframework\boot\spring-boot-starter-web\2.2.2.RELEASE\spring-boot-starter-web-2.2.2.RELEASE.jar;C:\Users\M1052874\.m2\repository2\org\springframework\boot\spring-boot-starter\2.2.2.RELEASE\spring-boot-starter-2.2.2.RELEASE.jar;C:\Users\M1052874\.m2\repository2\org\springframework\boot\spring-boot-starter-logging\2.2.2.RELEASE\spring-boot-starter-logging-2.2.2.RELEASE.jar;C:\Users\M1052874\.m2\repository2\ch\qos\logback\logback-classic\1.2.3\logback-classic-1.2.3.jar;C:\Users\M1052874\.m2\repository2\ch\qos\logback\logback-core\1.2.3\logback-core-1.2.3.jar;C:\Users\M1052874\.m2\repository2\org\apache\logging\log4j\log4j-to-slf4j\2.12.1\log4j-to-slf4j-2.12.1.jar;C:\Users\M1052874\.m2\repository2\org\apache\logging\log4j\log4j-api\2.12.1\log4j-api-2.12.1.jar;C:\Users\M1052874\.m2\repository2\org\slf4j\jul-to-slf4j\1.7.29\jul-to-slf4j-1.7.29.jar;C:\Users\M1052874\.m2\repository2\jakarta\annotation\jakarta.annotation-api\1.3.5\jakarta.annotation-api-1.3.5.jar;C:\Users\M1052874\.m2\repository2\org\yaml\snakeyaml\1.25\snakeyaml-1.25.jar;C:\Users\M1052874\.m2\repository2\org\springframework\boot\spring-boot-starter-json\2.2.2.RELEASE\spring-boot-starter-json-2.2.2.RELEASE.jar;C:\Users\M1052874\.m2\repository2\com\fasterxml\jackson\datatype\jackson-datatype-jdk8\2.10.1\jackson-datatype-jdk8-2.10.1.jar;C:\Users\M1052874\.m2\repository2\com\fasterxml\jackson\datatype\jackson-datatype-jsr310\2.10.1\jackson-datatype-jsr310-2.10.1.jar;C:\Users\M1052874\.m2\repository2\com\fasterxml\jackson\module\jackson-module-parameter-names\2.10.1\jackson-module-parameter-names-2.10.1.jar;C:\Users\M1052874\.m2\repository2\org\springframework\boot\spring-boot-starter-tomcat\2.2.2.RELEASE\spring-boot-starter-tomcat-2.2.2.RELEASE.jar;C:\Users\M1052874\.m2\repository2\org\apache\tomcat\embed\tomcat-embed-core\9.0.29\tomcat-embed-core-9.0.29.jar;C:\Users\M1052874\.m2\repository2\org\apache\tomcat\embed\tomcat-embed-el\9.0.29\tomcat-embed-el-9.0.29.jar;C:\Users\M1052874\.m2\repository2\org\apache\tomcat\embed\tomcat-embed-websocket\9.0.29\tomcat-embed-websocket-9.0.29.jar;C:\Users\M1052874\.m2\repository2\org\springframework\boot\spring-boot-starter-validation\2.2.2.RELEASE\spring-boot-starter-validation-2.2.2.RELEASE.jar;C:\Users\M1052874\.m2\repository2\jakarta\validation\jakarta.validation-api\2.0.1\jakarta.validation-api-2.0.1.jar;C:\Users\M1052874\.m2\repository2\org\hibernate\validator\hibernate-validator\6.0.18.Final\hibernate-validator-6.0.18.Final.jar;C:\Users\M1052874\.m2\repository2\org\jboss\logging\jboss-logging\3.4.1.Final\jboss-logging-3.4.1.Final.jar;C:\Users\M1052874\.m2\repository2\org\springframework\spring-web\5.2.2.RELEASE\spring-web-5.2.2.RELEASE.jar;C:\Users\M1052874\.m2\repository2\org\springframework\spring-beans\5.2.2.RELEASE\spring-beans-5.2.2.RELEASE.jar;C:\Users\M1052874\.m2\repository2\org\springframework\spring-webmvc\5.2.2.RELEASE\spring-webmvc-5.2.2.RELEASE.jar;C:\Users\M1052874\.m2\repository2\org\springframework\spring-context\5.2.2.RELEASE\spring-context-5.2.2.RELEASE.jar;C:\Users\M1052874\.m2\repository2\org\springframework\spring-expression\5.2.2.RELEASE\spring-expression-5.2.2.RELEASE.jar;C:\Users\M1052874\.m2\repository2\org\springframework\cloud\spring-cloud-starter-config\2.2.0.RELEASE\spring-cloud-starter-config-2.2.0.RELEASE.jar;C:\Users\M1052874\.m2\repository2\org\springframework\cloud\spring-cloud-starter\2.2.0.RELEASE\spring-cloud-starter-2.2.0.RELEASE.jar;C:\Users\M1052874\.m2\repository2\org\springframework\cloud\spring-cloud-context\2.2.0.RELEASE\spring-cloud-context-2.2.0.RELEASE.jar;C:\Users\M1052874\.m2\repository2\org\springframework\security\spring-security-crypto\5.2.1.RELEASE\spring-security-crypto-5.2.1.RELEASE.jar;C:\Users\M1052874\.m2\repository2\org\springframework\cloud\spring-cloud-commons\2.2.0.RELEASE\spring-cloud-commons-2.2.0.RELEASE.jar;C:\Users\M1052874\.m2\repository2\org\springframework\security\spring-security-rsa\1.0.7.RELEASE\spring-security-rsa-1.0.7.RELEASE.jar;C:\Users\M1052874\.m2\repository2\org\springframework\cloud\spring-cloud-config-client\2.2.0.RELEASE\spring-cloud-config-client-2.2.0.RELEASE.jar;C:\Users\M1052874\.m2\repository2\org\springframework\cloud\spring-cloud-starter-netflix-eureka-server\2.2.0.RELEASE\spring-cloud-starter-netflix-eureka-server-2.2.0.RELEASE.jar;C:\Users\M1052874\.m2\repository2\org\springframework\cloud\spring-cloud-netflix-eureka-server\2.2.0.RELEASE\spring-cloud-netflix-eureka-server-2.2.0.RELEASE.jar;C:\Users\M1052874\.m2\repository2\org\springframework\boot\spring-boot-starter-actuator\2.2.2.RELEASE\spring-boot-starter-actuator-2.2.2.RELEASE.jar;C:\Users\M1052874\.m2\repository2\org\springframework\boot\spring-boot-actuator-autoconfigure\2.2.2.RELEASE\spring-boot-actuator-autoconfigure-2.2.2.RELEASE.jar;C:\Users\M1052874\.m2\repository2\org\springframework\boot\spring-boot-actuator\2.2.2.RELEASE\spring-boot-actuator-2.2.2.RELEASE.jar;C:\Users\M1052874\.m2\repository2\io\micrometer\micrometer-core\1.3.1\micrometer-core-1.3.1.jar;C:\Users\M1052874\.m2\repository2\org\hdrhistogram\HdrHistogram\2.1.11\HdrHistogram-2.1.11.jar;C:\Users\M1052874\.m2\repository2\org\latencyutils\LatencyUtils\2.0.3\LatencyUtils-2.0.3.jar;C:\Users\M1052874\.m2\repository2\org\springframework\boot\spring-boot-starter-freemarker\2.2.2.RELEASE\spring-boot-starter-freemarker-2.2.2.RELEASE.jar;C:\Users\M1052874\.m2\repository2\org\freemarker\freemarker\2.3.29\freemarker-2.3.29.jar;C:\Users\M1052874\.m2\repository2\org\springframework\spring-context-support\5.2.2.RELEASE\spring-context-support-5.2.2.RELEASE.jar;C:\Users\M1052874\.m2\repository2\org\springframework\cloud\spring-cloud-netflix-hystrix\2.2.0.RELEASE\spring-cloud-netflix-hystrix-2.2.0.RELEASE.jar;C:\Users\M1052874\.m2\repository2\org\springframework\boot\spring-boot-starter-aop\2.2.2.RELEASE\spring-boot-starter-aop-2.2.2.RELEASE.jar;C:\Users\M1052874\.m2\repository2\org\aspectj\aspectjweaver\1.9.5\aspectjweaver-1.9.5.jar;C:\Users\M1052874\.m2\repository2\org\springframework\cloud\spring-cloud-netflix-eureka-client\2.2.0.RELEASE\spring-cloud-netflix-eureka-client-2.2.0.RELEASE.jar;C:\Users\M1052874\.m2\repository2\com\netflix\eureka\eureka-client\1.9.13\eureka-client-1.9.13.jar;C:\Users\M1052874\.m2\repository2\org\codehaus\jettison\jettison\1.3.7\jettison-1.3.7.jar;C:\Users\M1052874\.m2\repository2\stax\stax-api\1.0.1\stax-api-1.0.1.jar;C:\Users\M1052874\.m2\repository2\com\netflix\netflix-commons\netflix-eventbus\0.3.0\netflix-eventbus-0.3.0.jar;C:\Users\M1052874\.m2\repository2\com\netflix\netflix-commons\netflix-infix\0.3.0\netflix-infix-0.3.0.jar;C:\Users\M1052874\.m2\repository2\commons-jxpath\commons-jxpath\1.3\commons-jxpath-1.3.jar;C:\Users\M1052874\.m2\repository2\joda-time\joda-time\2.10.5\joda-time-2.10.5.jar;C:\Users\M1052874\.m2\repository2\org\antlr\antlr-runtime\3.4\antlr-runtime-3.4.jar;C:\Users\M1052874\.m2\repository2\org\antlr\stringtemplate\3.2.1\stringtemplate-3.2.1.jar;C:\Users\M1052874\.m2\repository2\antlr\antlr\2.7.7\antlr-2.7.7.jar;C:\Users\M1052874\.m2\repository2\com\google\code\gson\gson\2.8.6\gson-2.8.6.jar;C:\Users\M1052874\.m2\repository2\org\apache\commons\commons-math\2.2\commons-math-2.2.jar;C:\Users\M1052874\.m2\repository2\javax\ws\rs\jsr311-api\1.1.1\jsr311-api-1.1.1.jar;C:\Users\M1052874\.m2\repository2\com\netflix\servo\servo-core\0.12.21\servo-core-0.12.21.jar;C:\Users\M1052874\.m2\repository2\com\sun\jersey\jersey-core\1.19.1\jersey-core-1.19.1.jar;C:\Users\M1052874\.m2\repository2\com\sun\jersey\contribs\jersey-apache-client4\1.19.1\jersey-apache-client4-1.19.1.jar;C:\Users\M1052874\.m2\repository2\org\apache\httpcomponents\httpclient\4.5.10\httpclient-4.5.10.jar;C:\Users\M1052874\.m2\repository2\org\apache\httpcomponents\httpcore\4.4.12\httpcore-4.4.12.jar;C:\Users\M1052874\.m2\repository2\com\google\inject\guice\4.1.0\guice-4.1.0.jar;C:\Users\M1052874\.m2\repository2\aopalliance\aopalliance\1.0\aopalliance-1.0.jar;C:\Users\M1052874\.m2\repository2\com\sun\jersey\jersey-servlet\1.19.1\jersey-servlet-1.19.1.jar;C:\Users\M1052874\.m2\repository2\com\sun\jersey\jersey-server\1.19.1\jersey-server-1.19.1.jar;C:\Users\M1052874\.m2\repository2\com\sun\jersey\jersey-client\1.19.1\jersey-client-1.19.1.jar;C:\Users\M1052874\.m2\repository2\com\netflix\eureka\eureka-core\1.9.13\eureka-core-1.9.13.jar;C:\Users\M1052874\.m2\repository2\com\fasterxml\woodstox\woodstox-core\5.2.1\woodstox-core-5.2.1.jar;C:\Users\M1052874\.m2\repository2\com\netflix\archaius\archaius-core\0.7.6\archaius-core-0.7.6.jar;C:\Users\M1052874\.m2\repository2\com\google\code\findbugs\jsr305\3.0.1\jsr305-3.0.1.jar;C:\Users\M1052874\.m2\repository2\javax\inject\javax.inject\1\javax.inject-1.jar;C:\Users\M1052874\.m2\repository2\com\fasterxml\jackson\dataformat\jackson-dataformat-xml\2.10.1\jackson-dataformat-xml-2.10.1.jar;C:\Users\M1052874\.m2\repository2\com\fasterxml\jackson\module\jackson-module-jaxb-annotations\2.10.1\jackson-module-jaxb-annotations-2.10.1.jar;C:\Users\M1052874\.m2\repository2\org\codehaus\woodstox\stax2-api\4.2\stax2-api-4.2.jar;C:\Users\M1052874\.m2\repository2\com\thoughtworks\xstream\xstream\1.4.11.1\xstream-1.4.11.1.jar;C:\Users\M1052874\.m2\repository2\xmlpull\xmlpull\1.1.3.1\xmlpull-1.1.3.1.jar;C:\Users\M1052874\.m2\repository2\xpp3\xpp3_min\1.1.4c\xpp3_min-1.1.4c.jar;C:\Users\M1052874\.m2\repository2\org\springframework\cloud\spring-cloud-starter-netflix-archaius\2.2.0.RELEASE\spring-cloud-starter-netflix-archaius-2.2.0.RELEASE.jar;C:\Users\M1052874\.m2\repository2\org\springframework\cloud\spring-cloud-netflix-ribbon\2.2.0.RELEASE\spring-cloud-netflix-ribbon-2.2.0.RELEASE.jar;C:\Users\M1052874\.m2\repository2\org\springframework\cloud\spring-cloud-netflix-archaius\2.2.0.RELEASE\spring-cloud-netflix-archaius-2.2.0.RELEASE.jar;C:\Users\M1052874\.m2\repository2\commons-configuration\commons-configuration\1.8\commons-configuration-1.8.jar;C:\Users\M1052874\.m2\repository2\commons-lang\commons-lang\2.6\commons-lang-2.6.jar;C:\Users\M1052874\.m2\repository2\org\springframework\cloud\spring-cloud-starter-netflix-ribbon\2.2.0.RELEASE\spring-cloud-starter-netflix-ribbon-2.2.0.RELEASE.jar;C:\Users\M1052874\.m2\repository2\com\netflix\ribbon\ribbon\2.3.0\ribbon-2.3.0.jar;C:\Users\M1052874\.m2\repository2\com\netflix\ribbon\ribbon-transport\2.3.0\ribbon-transport-2.3.0.jar;C:\Users\M1052874\.m2\repository2\io\reactivex\rxnetty-contexts\0.4.9\rxnetty-contexts-0.4.9.jar;C:\Users\M1052874\.m2\repository2\io\reactivex\rxnetty-servo\0.4.9\rxnetty-servo-0.4.9.jar;C:\Users\M1052874\.m2\repository2\com\netflix\hystrix\hystrix-core\1.5.18\hystrix-core-1.5.18.jar;C:\Users\M1052874\.m2\repository2\io\reactivex\rxnetty\0.4.9\rxnetty-0.4.9.jar;C:\Users\M1052874\.m2\repository2\com\netflix\ribbon\ribbon-core\2.3.0\ribbon-core-2.3.0.jar;C:\Users\M1052874\.m2\repository2\com\netflix\ribbon\ribbon-httpclient\2.3.0\ribbon-httpclient-2.3.0.jar;C:\Users\M1052874\.m2\repository2\commons-collections\commons-collections\3.2.2\commons-collections-3.2.2.jar;C:\Users\M1052874\.m2\repository2\com\netflix\netflix-commons\netflix-commons-util\0.3.0\netflix-commons-util-0.3.0.jar;C:\Users\M1052874\.m2\repository2\com\netflix\ribbon\ribbon-loadbalancer\2.3.0\ribbon-loadbalancer-2.3.0.jar;C:\Users\M1052874\.m2\repository2\com\netflix\netflix-commons\netflix-statistics\0.1.1\netflix-statistics-0.1.1.jar;C:\Users\M1052874\.m2\repository2\io\reactivex\rxjava\1.3.8\rxjava-1.3.8.jar;C:\Users\M1052874\.m2\repository2\org\springframework\cloud\spring-cloud-starter-loadbalancer\2.2.0.RELEASE\spring-cloud-starter-loadbalancer-2.2.0.RELEASE.jar;C:\Users\M1052874\.m2\repository2\org\springframework\cloud\spring-cloud-loadbalancer\2.2.0.RELEASE\spring-cloud-loadbalancer-2.2.0.RELEASE.jar;C:\Users\M1052874\.m2\repository2\io\projectreactor\reactor-core\3.3.1.RELEASE\reactor-core-3.3.1.RELEASE.jar;C:\Users\M1052874\.m2\repository2\org\reactivestreams\reactive-streams\1.0.3\reactive-streams-1.0.3.jar;C:\Users\M1052874\.m2\repository2\io\projectreactor\addons\reactor-extra\3.3.1.RELEASE\reactor-extra-3.3.1.RELEASE.jar;C:\Users\M1052874\.m2\repository2\org\springframework\boot\spring-boot-starter-cache\2.2.2.RELEASE\spring-boot-starter-cache-2.2.2.RELEASE.jar;C:\Users\M1052874\.m2\repository2\com\stoyanr\evictor\1.0.0\evictor-1.0.0.jar;C:\Users\M1052874\.m2\repository2\com\netflix\ribbon\ribbon-eureka\2.3.0\ribbon-eureka-2.3.0.jar;C:\Users\M1052874\.m2\repository2\org\glassfish\jaxb\jaxb-runtime\2.3.2\jaxb-runtime-2.3.2.jar;C:\Users\M1052874\.m2\repository2\org\glassfish\jaxb\txw2\2.3.2\txw2-2.3.2.jar;C:\Users\M1052874\.m2\repository2\com\sun\istack\istack-commons-runtime\3.0.8\istack-commons-runtime-3.0.8.jar;C:\Users\M1052874\.m2\repository2\org\jvnet\staxex\stax-ex\1.8.1\stax-ex-1.8.1.jar;C:\Users\M1052874\.m2\repository2\com\sun\xml\fastinfoset\FastInfoset\1.2.16\FastInfoset-1.2.16.jar;C:\Users\M1052874\.m2\repository2\jakarta\activation\jakarta.activation-api\1.2.1\jakarta.activation-api-1.2.1.jar;C:\Users\M1052874\.m2\repository2\org\springframework\boot\spring-boot-starter-data-mongodb\2.2.2.RELEASE\spring-boot-starter-data-mongodb-2.2.2.RELEASE.jar;C:\Users\M1052874\.m2\repository2\org\mongodb\mongodb-driver\3.11.2\mongodb-driver-3.11.2.jar;C:\Users\M1052874\.m2\repository2\org\mongodb\bson\3.11.2\bson-3.11.2.jar;C:\Users\M1052874\.m2\repository2\org\mongodb\mongodb-driver-core\3.11.2\mongodb-driver-core-3.11.2.jar;C:\Users\M1052874\.m2\repository2\org\springframework\data\spring-data-mongodb\2.2.3.RELEASE\spring-data-mongodb-2.2.3.RELEASE.jar;C:\Users\M1052874\.m2\repository2\org\springframework\spring-tx\5.2.2.RELEASE\spring-tx-5.2.2.RELEASE.jar;C:\Users\M1052874\.m2\repository2\org\springframework\data\spring-data-commons\2.2.3.RELEASE\spring-data-commons-2.2.3.RELEASE.jar;C:\Users\M1052874\.m2\repository2\org\springframework\boot\spring-boot-starter-security\2.2.2.RELEASE\spring-boot-starter-security-2.2.2.RELEASE.jar;C:\Users\M1052874\.m2\repository2\org\springframework\spring-aop\5.2.2.RELEASE\spring-aop-5.2.2.RELEASE.jar;C:\Users\M1052874\.m2\repository2\org\springframework\security\spring-security-config\5.2.1.RELEASE\spring-security-config-5.2.1.RELEASE.jar;C:\Users\M1052874\.m2\repository2\org\springframework\security\spring-security-web\5.2.1.RELEASE\spring-security-web-5.2.1.RELEASE.jar;C:\Users\M1052874\.m2\repository2\com\fasterxml\jackson\core\jackson-databind\2.10.1\jackson-databind-2.10.1.jar;C:\Users\M1052874\.m2\repository2\com\fasterxml\jackson\core\jackson-annotations\2.10.1\jackson-annotations-2.10.1.jar;C:\Users\M1052874\.m2\repository2\com\fasterxml\jackson\core\jackson-core\2.10.1\jackson-core-2.10.1.jar;C:\Users\M1052874\.m2\repository2\org\springframework\boot\spring-boot-starter-oauth2-client\2.2.2.RELEASE\spring-boot-starter-oauth2-client-2.2.2.RELEASE.jar;C:\Users\M1052874\.m2\repository2\com\sun\mail\jakarta.mail\1.6.4\jakarta.mail-1.6.4.jar;C:\Users\M1052874\.m2\repository2\com\sun\activation\jakarta.activation\1.2.1\jakarta.activation-1.2.1.jar;C:\Users\M1052874\.m2\repository2\org\springframework\security\spring-security-core\5.2.1.RELEASE\spring-security-core-5.2.1.RELEASE.jar;C:\Users\M1052874\.m2\repository2\org\springframework\security\spring-security-oauth2-client\5.2.1.RELEASE\spring-security-oauth2-client-5.2.1.RELEASE.jar;C:\Users\M1052874\.m2\repository2\com\nimbusds\oauth2-oidc-sdk\6.14\oauth2-oidc-sdk-6.14.jar;C:\Users\M1052874\.m2\repository2\com\github\stephenc\jcip\jcip-annotations\1.0-1\jcip-annotations-1.0-1.jar;C:\Users\M1052874\.m2\repository2\com\nimbusds\lang-tag\1.4.4\lang-tag-1.4.4.jar;C:\Users\M1052874\.m2\repository2\org\springframework\security\spring-security-oauth2-core\5.2.1.RELEASE\spring-security-oauth2-core-5.2.1.RELEASE.jar;C:\Users\M1052874\.m2\repository2\org\springframework\security\spring-security-oauth2-jose\5.2.1.RELEASE\spring-security-oauth2-jose-5.2.1.RELEASE.jar;C:\Users\M1052874\.m2\repository2\com\nimbusds\nimbus-jose-jwt\7.8\nimbus-jose-jwt-7.8.jar;C:\Users\M1052874\.m2\repository2\org\springframework\security\oauth\boot\spring-security-oauth2-autoconfigure\2.1.2.RELEASE\spring-security-oauth2-autoconfigure-2.1.2.RELEASE.jar;C:\Users\M1052874\.m2\repository2\com\sun\xml\bind\jaxb-core\2.3.0.1\jaxb-core-2.3.0.1.jar;C:\Users\M1052874\.m2\repository2\com\sun\xml\bind\jaxb-impl\2.3.0.1\jaxb-impl-2.3.0.1.jar;C:\Users\M1052874\.m2\repository2\javax\xml\bind\jaxb-api\2.3.1\jaxb-api-2.3.1.jar;C:\Users\M1052874\.m2\repository2\javax\activation\javax.activation-api\1.2.0\javax.activation-api-1.2.0.jar;C:\Users\M1052874\.m2\repository2\org\springframework\boot\spring-boot\2.2.2.RELEASE\spring-boot-2.2.2.RELEASE.jar;C:\Users\M1052874\.m2\repository2\org\springframework\boot\spring-boot-autoconfigure\2.2.2.RELEASE\spring-boot-autoconfigure-2.2.2.RELEASE.jar;C:\Users\M1052874\.m2\repository2\org\springframework\security\oauth\spring-security-oauth2\2.3.4.RELEASE\spring-security-oauth2-2.3.4.RELEASE.jar;C:\Users\M1052874\.m2\repository2\commons-codec\commons-codec\1.13\commons-codec-1.13.jar;C:\Users\M1052874\.m2\repository2\org\codehaus\jackson\jackson-mapper-asl\1.9.13\jackson-mapper-asl-1.9.13.jar;C:\Users\M1052874\.m2\repository2\org\codehaus\jackson\jackson-core-asl\1.9.13\jackson-core-asl-1.9.13.jar;C:\Users\M1052874\.m2\repository2\org\springframework\security\spring-security-jwt\1.0.9.RELEASE\spring-security-jwt-1.0.9.RELEASE.jar;C:\Users\M1052874\.m2\repository2\org\bouncycastle\bcpkix-jdk15on\1.56\bcpkix-jdk15on-1.56.jar;C:\Users\M1052874\.m2\repository2\org\bouncycastle\bcprov-jdk15on\1.56\bcprov-jdk15on-1.56.jar;C:\Users\M1052874\.m2\repository2\io\springfox\springfox-swagger-ui\2.6.1\springfox-swagger-ui-2.6.1.jar;C:\Users\M1052874\.m2\repository2\io\springfox\springfox-spring-web\2.6.1\springfox-spring-web-2.6.1.jar;C:\Users\M1052874\.m2\repository2\io\springfox\springfox-swagger2\2.6.1\springfox-swagger2-2.6.1.jar;C:\Users\M1052874\.m2\repository2\io\swagger\swagger-annotations\1.5.10\swagger-annotations-1.5.10.jar;C:\Users\M1052874\.m2\repository2\io\swagger\swagger-models\1.5.10\swagger-models-1.5.10.jar;C:\Users\M1052874\.m2\repository2\io\springfox\springfox-spi\2.6.1\springfox-spi-2.6.1.jar;C:\Users\M1052874\.m2\repository2\io\springfox\springfox-core\2.6.1\springfox-core-2.6.1.jar;C:\Users\M1052874\.m2\repository2\io\springfox\springfox-schema\2.6.1\springfox-schema-2.6.1.jar;C:\Users\M1052874\.m2\repository2\io\springfox\springfox-swagger-common\2.6.1\springfox-swagger-common-2.6.1.jar;C:\Users\M1052874\.m2\repository2\com\google\guava\guava\18.0\guava-18.0.jar;C:\Users\M1052874\.m2\repository2\com\fasterxml\classmate\1.5.1\classmate-1.5.1.jar;C:\Users\M1052874\.m2\repository2\org\slf4j\slf4j-api\1.7.29\slf4j-api-1.7.29.jar;C:\Users\M1052874\.m2\repository2\org\springframework\plugin\spring-plugin-core\1.2.0.RELEASE\spring-plugin-core-1.2.0.RELEASE.jar;C:\Users\M1052874\.m2\repository2\org\springframework\plugin\spring-plugin-metadata\1.2.0.RELEASE\spring-plugin-metadata-1.2.0.RELEASE.jar;C:\Users\M1052874\.m2\repository2\org\mapstruct\mapstruct\1.0.0.Final\mapstruct-1.0.0.Final.jar;C:\Users\M1052874\.m2\repository2\io\springfox\springfox-bean-validators\2.8.0\springfox-bean-validators-2.8.0.jar;C:\Users\M1052874\.m2\repository2\org\springframework\boot\spring-boot-starter-test\2.2.2.RELEASE\spring-boot-starter-test-2.2.2.RELEASE.jar;C:\Users\M1052874\.m2\repository2\org\springframework\boot\spring-boot-test\2.2.2.RELEASE\spring-boot-test-2.2.2.RELEASE.jar;C:\Users\M1052874\.m2\repository2\org\springframework\boot\spring-boot-test-autoconfigure\2.2.2.RELEASE\spring-boot-test-autoconfigure-2.2.2.RELEASE.jar;C:\Users\M1052874\.m2\repository2\com\jayway\jsonpath\json-path\2.4.0\json-path-2.4.0.jar;C:\Users\M1052874\.m2\repository2\net\minidev\json-smart\2.3\json-smart-2.3.jar;C:\Users\M1052874\.m2\repository2\net\minidev\accessors-smart\1.2\accessors-smart-1.2.jar;C:\Users\M1052874\.m2\repository2\org\ow2\asm\asm\5.0.4\asm-5.0.4.jar;C:\Users\M1052874\.m2\repository2\jakarta\xml\bind\jakarta.xml.bind-api\2.3.2\jakarta.xml.bind-api-2.3.2.jar;C:\Users\M1052874\.m2\repository2\org\junit\jupiter\junit-jupiter\5.5.2\junit-jupiter-5.5.2.jar;C:\Users\M1052874\.m2\repository2\org\junit\jupiter\junit-jupiter-api\5.5.2\junit-jupiter-api-5.5.2.jar;C:\Users\M1052874\.m2\repository2\org\apiguardian\apiguardian-api\1.1.0\apiguardian-api-1.1.0.jar;C:\Users\M1052874\.m2\repository2\org\opentest4j\opentest4j\1.2.0\opentest4j-1.2.0.jar;C:\Users\M1052874\.m2\repository2\org\junit\platform\junit-platform-commons\1.5.2\junit-platform-commons-1.5.2.jar;C:\Users\M1052874\.m2\repository2\org\junit\jupiter\junit-jupiter-params\5.5.2\junit-jupiter-params-5.5.2.jar;C:\Users\M1052874\.m2\repository2\org\junit\jupiter\junit-jupiter-engine\5.5.2\junit-jupiter-engine-5.5.2.jar;C:\Users\M1052874\.m2\repository2\org\junit\platform\junit-platform-engine\1.5.2\junit-platform-engine-1.5.2.jar;C:\Users\M1052874\.m2\repository2\org\mockito\mockito-junit-jupiter\3.1.0\mockito-junit-jupiter-3.1.0.jar;C:\Users\M1052874\.m2\repository2\org\assertj\assertj-core\3.13.2\assertj-core-3.13.2.jar;C:\Users\M1052874\.m2\repository2\org\hamcrest\hamcrest\2.1\hamcrest-2.1.jar;C:\Users\M1052874\.m2\repository2\org\mockito\mockito-core\3.1.0\mockito-core-3.1.0.jar;C:\Users\M1052874\.m2\repository2\net\bytebuddy\byte-buddy\1.10.4\byte-buddy-1.10.4.jar;C:\Users\M1052874\.m2\repository2\net\bytebuddy\byte-buddy-agent\1.10.4\byte-buddy-agent-1.10.4.jar;C:\Users\M1052874\.m2\repository2\org\objenesis\objenesis\2.6\objenesis-2.6.jar;C:\Users\M1052874\.m2\repository2\org\skyscreamer\jsonassert\1.5.0\jsonassert-1.5.0.jar;C:\Users\M1052874\.m2\repository2\com\vaadin\external\google\android-json\0.0.20131108.vaadin1\android-json-0.0.20131108.vaadin1.jar;C:\Users\M1052874\.m2\repository2\org\springframework\spring-core\5.2.2.RELEASE\spring-core-5.2.2.RELEASE.jar;C:\Users\M1052874\.m2\repository2\org\springframework\spring-jcl\5.2.2.RELEASE\spring-jcl-5.2.2.RELEASE.jar;C:\Users\M1052874\.m2\repository2\org\springframework\spring-test\5.2.2.RELEASE\spring-test-5.2.2.RELEASE.jar;C:\Users\M1052874\.m2\repository2\org\xmlunit\xmlunit-core\2.6.3\xmlunit-core-2.6.3.jar;"/>
    <property name="sun.cpu.endian" value="little"/>
    <property name="user.home" value="C:\Users\M1052874"/>
    <property name="user.language" value="en"/>
    <property name="java.specification.vendor" value="Oracle Corporation"/>
    <property name="java.home" value="C:\Program Files (x86)\Java\jdk1.8.0_101\jre"/>
    <property name="basedir" value="C:\Users\M1052874\HandsOn\CloudWorkspace\CodeBase\user-service\user-service"/>
    <property name="file.separator" value="\"/>
    <property name="line.separator" value="&#10;"/>
    <property name="java.vm.specification.vendor" value="Oracle Corporation"/>
    <property name="java.specification.name" value="Java Platform API Specification"/>
    <property name="java.awt.graphicsenv" value="sun.awt.Win32GraphicsEnvironment"/>
    <property name="surefire.real.class.path" value="C:\Users\M1052874\AppData\Local\Temp\surefire2896927223120854834\surefirebooter1525776688847324719.jar"/>
    <property name="sun.boot.class.path" value="C:\Program Files (x86)\Java\jdk1.8.0_101\jre\lib\resources.jar;C:\Program Files (x86)\Java\jdk1.8.0_101\jre\lib\rt.jar;C:\Program Files (x86)\Java\jdk1.8.0_101\jre\lib\sunrsasign.jar;C:\Program Files (x86)\Java\jdk1.8.0_101\jre\lib\jsse.jar;C:\Program Files (x86)\Java\jdk1.8.0_101\jre\lib\jce.jar;C:\Program Files (x86)\Java\jdk1.8.0_101\jre\lib\charsets.jar;C:\Program Files (x86)\Java\jdk1.8.0_101\jre\lib\jfr.jar;C:\Program Files (x86)\Java\jdk1.8.0_101\jre\classes"/>
    <property name="user.script" value=""/>
    <property name="sun.management.compiler" value="HotSpot Client Compiler"/>
    <property name="java.runtime.version" value="1.8.0_101-b13"/>
    <property name="user.name" value="M1052874"/>
    <property name="path.separator" value=";"/>
    <property name="os.version" value="10.0"/>
    <property name="java.endorsed.dirs" value="C:\Program Files (x86)\Java\jdk1.8.0_101\jre\lib\endorsed"/>
    <property name="java.runtime.name" value="Java(TM) SE Runtime Environment"/>
    <property name="file.encoding" value="Cp1252"/>
    <property name="java.vm.name" value="Java HotSpot(TM) Client VM"/>
    <property name="localRepository" value="C:\Users\M1052874\.m2\repository2"/>
    <property name="java.vendor.url.bug" value="http://bugreport.sun.com/bugreport/"/>
    <property name="java.io.tmpdir" value="C:\Users\M1052874\AppData\Local\Temp\"/>
    <property name="java.version" value="1.8.0_101"/>
    <property name="user.dir" value="C:\Users\M1052874\HandsOn\CloudWorkspace\CodeBase\user-service\user-service"/>
    <property name="os.arch" value="x86"/>
    <property name="java.vm.specification.name" value="Java Virtual Machine Specification"/>
    <property name="java.awt.printerjob" value="sun.awt.windows.WPrinterJob"/>
    <property name="sun.os.patch.level" value=""/>
    <property name="java.library.path" value="C:\Program Files (x86)\Java\jdk1.8.0_101\jre\bin;C:\WINDOWS\Sun\Java\bin;C:\WINDOWS\system32;C:\WINDOWS;C:\Program Files (x86)\Java\jdk1.8.0_101\bin;C:\Users\M1052874\Desktop\sasmita\software\apache-maven-3.6.1-bin\apache-maven-3.6.1\bin;C:\ProgramData\Oracle\Java\javapath;C:\WINDOWS\system32;C:\WINDOWS;C:\WINDOWS\System32\Wbem;C:\WINDOWS\System32\WindowsPowerShell\v1.0\;C:\WINDOWS\System32\OpenSSH\;C:\Program Files (x86)\sbt\bin;C:\Program Files (x86)\scala\bin;C:\Program Files\PuTTY\;C:\Program Files\Git\cmd;C:\Users\M1052874\AppData\Local\Microsoft\WindowsApps;C:\Users\M1052874\AppData\Local\GitHubDesktop\bin;%USERPROFILE%\AppData\Local\Microsoft\WindowsApps;."/>
    <property name="java.vm.info" value="mixed mode, sharing"/>
    <property name="java.vendor" value="Oracle Corporation"/>
    <property name="java.vm.version" value="25.101-b13"/>
    <property name="java.ext.dirs" value="C:\Program Files (x86)\Java\jdk1.8.0_101\jre\lib\ext;C:\WINDOWS\Sun\Java\lib\ext"/>
    <property name="sun.io.unicode.encoding" value="UnicodeLittle"/>
    <property name="java.class.version" value="52.0"/>
  </properties>
  <testcase name="contextLoads" classname="com.mindtree.user.UserServiceApplicationTests" time="0.004">
    <error message="Failed to load ApplicationContext" type="java.lang.IllegalStateException">java.lang.IllegalStateException: Failed to load ApplicationContext
Caused by: org.springframework.beans.factory.UnsatisfiedDependencyException: Error creating bean with name 'authorizationServer': Unsatisfied dependency expressed through field 'passwordEncoder'; nested exception is org.springframework.beans.factory.NoSuchBeanDefinitionException: No qualifying bean of type 'org.springframework.security.crypto.bcrypt.BCryptPasswordEncoder' available: expected at least 1 bean which qualifies as autowire candidate. Dependency annotations: {@org.springframework.beans.factory.annotation.Autowired(required=true)}
Caused by: org.springframework.beans.factory.NoSuchBeanDefinitionException: No qualifying bean of type 'org.springframework.security.crypto.bcrypt.BCryptPasswordEncoder' available: expected at least 1 bean which qualifies as autowire candidate. Dependency annotations: {@org.springframework.beans.factory.annotation.Autowired(required=true)}
</error>
    <system-out><![CDATA[16:39:39.244 [main] DEBUG org.springframework.test.context.BootstrapUtils - Instantiating CacheAwareContextLoaderDelegate from class [org.springframework.test.context.cache.DefaultCacheAwareContextLoaderDelegate]
16:39:39.288 [main] DEBUG org.springframework.test.context.BootstrapUtils - Instantiating BootstrapContext using constructor [public org.springframework.test.context.support.DefaultBootstrapContext(java.lang.Class,org.springframework.test.context.CacheAwareContextLoaderDelegate)]
16:39:39.400 [main] DEBUG org.springframework.test.context.BootstrapUtils - Instantiating TestContextBootstrapper for test class [com.mindtree.user.UserServiceApplicationTests] from class [org.springframework.boot.test.context.SpringBootTestContextBootstrapper]
16:39:39.449 [main] INFO org.springframework.boot.test.context.SpringBootTestContextBootstrapper - Neither @ContextConfiguration nor @ContextHierarchy found for test class [com.mindtree.user.UserServiceApplicationTests], using SpringBootContextLoader
16:39:39.463 [main] DEBUG org.springframework.test.context.support.AbstractContextLoader - Did not detect default resource location for test class [com.mindtree.user.UserServiceApplicationTests]: class path resource [com/mindtree/user/UserServiceApplicationTests-context.xml] does not exist
16:39:39.464 [main] DEBUG org.springframework.test.context.support.AbstractContextLoader - Did not detect default resource location for test class [com.mindtree.user.UserServiceApplicationTests]: class path resource [com/mindtree/user/UserServiceApplicationTestsContext.groovy] does not exist
16:39:39.465 [main] INFO org.springframework.test.context.support.AbstractContextLoader - Could not detect default resource locations for test class [com.mindtree.user.UserServiceApplicationTests]: no resource found for suffixes {-context.xml, Context.groovy}.
16:39:39.466 [main] INFO org.springframework.test.context.support.AnnotationConfigContextLoaderUtils - Could not detect default configuration classes for test class [com.mindtree.user.UserServiceApplicationTests]: UserServiceApplicationTests does not declare any static, non-private, non-final, nested classes annotated with @Configuration.
16:39:39.607 [main] DEBUG org.springframework.test.context.support.ActiveProfilesUtils - Could not find an 'annotation declaring class' for annotation type [org.springframework.test.context.ActiveProfiles] and class [com.mindtree.user.UserServiceApplicationTests]
16:39:39.804 [main] DEBUG org.springframework.context.annotation.ClassPathScanningCandidateComponentProvider - Identified candidate component class: file [C:\Users\M1052874\HandsOn\CloudWorkspace\CodeBase\user-service\user-service\target\classes\com\mindtree\user\UserServiceApplication.class]
16:39:39.809 [main] INFO org.springframework.boot.test.context.SpringBootTestContextBootstrapper - Found @SpringBootConfiguration com.mindtree.user.UserServiceApplication for test class com.mindtree.user.UserServiceApplicationTests
16:39:40.203 [main] DEBUG org.springframework.boot.test.context.SpringBootTestContextBootstrapper - @TestExecutionListeners is not present for class [com.mindtree.user.UserServiceApplicationTests]: using defaults.
16:39:40.204 [main] INFO org.springframework.boot.test.context.SpringBootTestContextBootstrapper - Loaded default TestExecutionListener class names from location [META-INF/spring.factories]: [org.springframework.boot.test.mock.mockito.MockitoTestExecutionListener, org.springframework.boot.test.mock.mockito.ResetMocksTestExecutionListener, org.springframework.boot.test.autoconfigure.restdocs.RestDocsTestExecutionListener, org.springframework.boot.test.autoconfigure.web.client.MockRestServiceServerResetTestExecutionListener, org.springframework.boot.test.autoconfigure.web.servlet.MockMvcPrintOnlyOnFailureTestExecutionListener, org.springframework.boot.test.autoconfigure.web.servlet.WebDriverTestExecutionListener, org.springframework.test.context.web.ServletTestExecutionListener, org.springframework.test.context.support.DirtiesContextBeforeModesTestExecutionListener, org.springframework.test.context.support.DependencyInjectionTestExecutionListener, org.springframework.test.context.support.DirtiesContextTestExecutionListener, org.springframework.test.context.transaction.TransactionalTestExecutionListener, org.springframework.test.context.jdbc.SqlScriptsTestExecutionListener, org.springframework.test.context.event.EventPublishingTestExecutionListener]
16:39:40.267 [main] INFO org.springframework.boot.test.context.SpringBootTestContextBootstrapper - Using TestExecutionListeners: [org.springframework.test.context.web.ServletTestExecutionListener@101783a, org.springframework.test.context.support.DirtiesContextBeforeModesTestExecutionListener@878f6d, org.springframework.boot.test.mock.mockito.MockitoTestExecutionListener@1488b16, org.springframework.boot.test.autoconfigure.SpringBootDependencyInjectionTestExecutionListener@8ef162, org.springframework.test.context.support.DirtiesContextTestExecutionListener@ea88a1, org.springframework.test.context.transaction.TransactionalTestExecutionListener@c296f6, org.springframework.test.context.jdbc.SqlScriptsTestExecutionListener@1d7a283, org.springframework.test.context.event.EventPublishingTestExecutionListener@2f59fa, org.springframework.boot.test.mock.mockito.ResetMocksTestExecutionListener@fa769e, org.springframework.boot.test.autoconfigure.restdocs.RestDocsTestExecutionListener@612a51, org.springframework.boot.test.autoconfigure.web.client.MockRestServiceServerResetTestExecutionListener@e041a4, org.springframework.boot.test.autoconfigure.web.servlet.MockMvcPrintOnlyOnFailureTestExecutionListener@78324b, org.springframework.boot.test.autoconfigure.web.servlet.WebDriverTestExecutionListener@19defdc]
16:39:40.277 [main] DEBUG org.springframework.test.context.support.AbstractDirtiesContextTestExecutionListener - Before test class: context [DefaultTestContext@2bb6e0 testClass = UserServiceApplicationTests, testInstance = [null], testMethod = [null], testException = [null], mergedContextConfiguration = [WebMergedContextConfiguration@62d773 testClass = UserServiceApplicationTests, locations = '{}', classes = '{class com.mindtree.user.UserServiceApplication}', contextInitializerClasses = '[]', activeProfiles = '{}', propertySourceLocations = '{}', propertySourceProperties = '{org.springframework.boot.test.context.SpringBootTestContextBootstrapper=true}', contextCustomizers = set[org.springframework.boot.test.context.filter.ExcludeFilterContextCustomizer@1752059, org.springframework.boot.test.json.DuplicateJsonObjectContextCustomizerFactory$DuplicateJsonObjectContextCustomizer@d9d12d, org.springframework.boot.test.mock.mockito.MockitoContextCustomizer@0, org.springframework.boot.test.web.client.TestRestTemplateContextCustomizer@82b2fa, org.springframework.boot.test.autoconfigure.properties.PropertyMappingContextCustomizer@0, org.springframework.boot.test.autoconfigure.web.servlet.WebDriverContextCustomizerFactory$Customizer@1079097], resourceBasePath = 'src/main/webapp', contextLoader = 'org.springframework.boot.test.context.SpringBootContextLoader', parent = [null]], attributes = map['org.springframework.test.context.web.ServletTestExecutionListener.activateListener' -> true]], class annotated with @DirtiesContext [false] with mode [null].
16:39:40.396 [main] DEBUG org.springframework.test.context.support.TestPropertySourceUtils - Adding inlined properties to environment: {spring.jmx.enabled=false, org.springframework.boot.test.context.SpringBootTestContextBootstrapper=true, server.port=-1}
2020-01-30 16:39:42.429  INFO 8592 --- [           main] trationDelegate$BeanPostProcessorChecker : Bean 'org.springframework.cloud.autoconfigure.ConfigurationPropertiesRebinderAutoConfiguration' of type [org.springframework.cloud.autoconfigure.ConfigurationPropertiesRebinderAutoConfiguration] is not eligible for getting processed by all BeanPostProcessors (for example: not eligible for auto-proxying)

  .   ____          _            __ _ _
 /\\ / ___'_ __ _ _(_)_ __  __ _ \ \ \ \
( ( )\___ | '_ | '_| | '_ \/ _` | \ \ \ \
 \\/  ___)| |_)| | | | | || (_| |  ) ) ) )
  '  |____| .__|_| |_|_| |_\__, | / / / /
 =========|_|==============|___/=/_/_/_/
 :: Spring Boot ::        (v2.2.2.RELEASE)

2020-01-30 16:39:43.468  INFO 8592 --- [           main] c.c.c.ConfigServicePropertySourceLocator : Fetching config from server at : http://localhost:8888
2020-01-30 16:39:45.709  INFO 8592 --- [           main] c.c.c.ConfigServicePropertySourceLocator : Connect Timeout Exception on Url - http://localhost:8888. Will be trying the next url if available
2020-01-30 16:39:45.709  WARN 8592 --- [           main] c.c.c.ConfigServicePropertySourceLocator : Could not locate PropertySource: I/O error on GET request for "http://localhost:8888/user-service/default": Connection refused: connect; nested exception is java.net.ConnectException: Connection refused: connect
2020-01-30 16:39:45.728  INFO 8592 --- [           main] c.m.user.UserServiceApplicationTests     : No active profile set, falling back to default profiles: default
2020-01-30 16:39:47.470  INFO 8592 --- [           main] .s.d.r.c.RepositoryConfigurationDelegate : Bootstrapping Spring Data MongoDB repositories in DEFAULT mode.
2020-01-30 16:39:47.887  INFO 8592 --- [           main] .s.d.r.c.RepositoryConfigurationDelegate : Finished Spring Data repository scanning in 407ms. Found 2 MongoDB repository interfaces.
2020-01-30 16:39:48.698  WARN 8592 --- [           main] o.s.boot.actuate.endpoint.EndpointId     : Endpoint ID 'service-registry' contains invalid characters, please migrate to a valid format.
2020-01-30 16:39:49.036  INFO 8592 --- [           main] o.s.cloud.context.scope.GenericScope     : BeanFactory id=72ea1f95-4a7e-338f-9705-0464010059b8
2020-01-30 16:39:49.853  INFO 8592 --- [           main] trationDelegate$BeanPostProcessorChecker : Bean 'org.springframework.security.config.annotation.configuration.ObjectPostProcessorConfiguration' of type [org.springframework.security.config.annotation.configuration.ObjectPostProcessorConfiguration] is not eligible for getting processed by all BeanPostProcessors (for example: not eligible for auto-proxying)
2020-01-30 16:39:49.883  INFO 8592 --- [           main] trationDelegate$BeanPostProcessorChecker : Bean 'objectPostProcessor' of type [org.springframework.security.config.annotation.configuration.AutowireBeanFactoryObjectPostProcessor] is not eligible for getting processed by all BeanPostProcessors (for example: not eligible for auto-proxying)
2020-01-30 16:39:49.895  INFO 8592 --- [           main] trationDelegate$BeanPostProcessorChecker : Bean 'org.springframework.security.access.expression.method.DefaultMethodSecurityExpressionHandler@13f6e07' of type [org.springframework.security.oauth2.provider.expression.OAuth2MethodSecurityExpressionHandler] is not eligible for getting processed by all BeanPostProcessors (for example: not eligible for auto-proxying)
2020-01-30 16:39:49.939  INFO 8592 --- [           main] trationDelegate$BeanPostProcessorChecker : Bean 'org.springframework.security.config.annotation.method.configuration.GlobalMethodSecurityConfiguration' of type [org.springframework.security.config.annotation.method.configuration.GlobalMethodSecurityConfiguration] is not eligible for getting processed by all BeanPostProcessors (for example: not eligible for auto-proxying)
2020-01-30 16:39:49.968  INFO 8592 --- [           main] trationDelegate$BeanPostProcessorChecker : Bean 'methodSecurityMetadataSource' of type [org.springframework.security.access.method.DelegatingMethodSecurityMetadataSource] is not eligible for getting processed by all BeanPostProcessors (for example: not eligible for auto-proxying)
2020-01-30 16:39:50.129  INFO 8592 --- [           main] trationDelegate$BeanPostProcessorChecker : Bean 'org.springframework.cloud.autoconfigure.ConfigurationPropertiesRebinderAutoConfiguration' of type [org.springframework.cloud.autoconfigure.ConfigurationPropertiesRebinderAutoConfiguration] is not eligible for getting processed by all BeanPostProcessors (for example: not eligible for auto-proxying)
2020-01-30 16:39:51.265  INFO 8592 --- [           main] org.mongodb.driver.cluster               : Cluster created with settings {hosts=[localhost:27017], mode=SINGLE, requiredClusterType=UNKNOWN, serverSelectionTimeout='30000 ms', maxWaitQueueSize=500}
2020-01-30 16:39:51.407  INFO 8592 --- [localhost:27017] org.mongodb.driver.connection            : Opened connection [connectionId{localValue:1, serverValue:5}] to localhost:27017
2020-01-30 16:39:51.417  INFO 8592 --- [localhost:27017] org.mongodb.driver.cluster               : Monitor thread successfully connected to server with description ServerDescription{address=localhost:27017, type=STANDALONE, state=CONNECTED, ok=true, version=ServerVersion{versionList=[4, 0, 6]}, minWireVersion=0, maxWireVersion=7, maxDocumentSize=16777216, logicalSessionTimeoutMinutes=30, roundTripTimeNanos=6717200}
2020-01-30 16:39:52.595  WARN 8592 --- [           main] c.n.c.sources.URLConfigurationSource     : No URLs will be polled as dynamic configuration sources.
2020-01-30 16:39:52.595  INFO 8592 --- [           main] c.n.c.sources.URLConfigurationSource     : To enable URLs as dynamic configuration sources, define System property archaius.configurationSource.additionalUrls or make config.properties available on classpath.
2020-01-30 16:39:52.662  INFO 8592 --- [           main] c.netflix.config.DynamicPropertyFactory  : DynamicPropertyFactory is initialized with configuration sources: com.netflix.config.ConcurrentCompositeConfiguration@126c5ec
2020-01-30 16:39:52.880  WARN 8592 --- [           main] o.s.w.c.s.GenericWebApplicationContext   : Exception encountered during context initialization - cancelling refresh attempt: org.springframework.beans.factory.UnsatisfiedDependencyException: Error creating bean with name 'authorizationServer': Unsatisfied dependency expressed through field 'passwordEncoder'; nested exception is org.springframework.beans.factory.NoSuchBeanDefinitionException: No qualifying bean of type 'org.springframework.security.crypto.bcrypt.BCryptPasswordEncoder' available: expected at least 1 bean which qualifies as autowire candidate. Dependency annotations: {@org.springframework.beans.factory.annotation.Autowired(required=true)}
2020-01-30 16:39:52.907  INFO 8592 --- [           main] ConditionEvaluationReportLoggingListener : 

Error starting ApplicationContext. To display the conditions report re-run your application with 'debug' enabled.
2020-01-30 16:39:53.372 ERROR 8592 --- [           main] o.s.b.d.LoggingFailureAnalysisReporter   : 

***************************
APPLICATION FAILED TO START
***************************

Description:

Field passwordEncoder in com.mindtree.user.oauth.AuthorizationServer required a bean of type 'org.springframework.security.crypto.bcrypt.BCryptPasswordEncoder' that could not be found.

The injection point has the following annotations:
	- @org.springframework.beans.factory.annotation.Autowired(required=true)


Action:

Consider defining a bean of type 'org.springframework.security.crypto.bcrypt.BCryptPasswordEncoder' in your configuration.

2020-01-30 16:39:53.386 ERROR 8592 --- [           main] o.s.test.context.TestContextManager      : Caught exception while allowing TestExecutionListener [org.springframework.test.context.web.ServletTestExecutionListener@101783a] to prepare test instance [com.mindtree.user.UserServiceApplicationTests@248d3a]

java.lang.IllegalStateException: Failed to load ApplicationContext
	at org.springframework.test.context.cache.DefaultCacheAwareContextLoaderDelegate.loadContext(DefaultCacheAwareContextLoaderDelegate.java:132) ~[spring-test-5.2.2.RELEASE.jar:5.2.2.RELEASE]
	at org.springframework.test.context.support.DefaultTestContext.getApplicationContext(DefaultTestContext.java:123) ~[spring-test-5.2.2.RELEASE.jar:5.2.2.RELEASE]
	at org.springframework.test.context.web.ServletTestExecutionListener.setUpRequestContextIfNecessary(ServletTestExecutionListener.java:190) ~[spring-test-5.2.2.RELEASE.jar:5.2.2.RELEASE]
	at org.springframework.test.context.web.ServletTestExecutionListener.prepareTestInstance(ServletTestExecutionListener.java:132) ~[spring-test-5.2.2.RELEASE.jar:5.2.2.RELEASE]
	at org.springframework.test.context.TestContextManager.prepareTestInstance(TestContextManager.java:244) ~[spring-test-5.2.2.RELEASE.jar:5.2.2.RELEASE]
	at org.springframework.test.context.junit.jupiter.SpringExtension.postProcessTestInstance(SpringExtension.java:98) [spring-test-5.2.2.RELEASE.jar:5.2.2.RELEASE]
	at org.junit.jupiter.engine.descriptor.ClassBasedTestDescriptor.lambda$invokeTestInstancePostProcessors$5(ClassBasedTestDescriptor.java:337) [junit-jupiter-engine-5.5.2.jar:5.5.2]
	at org.junit.jupiter.engine.descriptor.ClassBasedTestDescriptor.executeAndMaskThrowable(ClassBasedTestDescriptor.java:342) [junit-jupiter-engine-5.5.2.jar:5.5.2]
	at org.junit.jupiter.engine.descriptor.ClassBasedTestDescriptor.lambda$invokeTestInstancePostProcessors$6(ClassBasedTestDescriptor.java:337) [junit-jupiter-engine-5.5.2.jar:5.5.2]
	at java.util.stream.ReferencePipeline$3$1.accept(ReferencePipeline.java:193) ~[na:1.8.0_101]
	at java.util.stream.ReferencePipeline$2$1.accept(ReferencePipeline.java:175) ~[na:1.8.0_101]
	at java.util.ArrayList$ArrayListSpliterator.forEachRemaining(ArrayList.java:1374) ~[na:1.8.0_101]
	at java.util.stream.AbstractPipeline.copyInto(AbstractPipeline.java:481) ~[na:1.8.0_101]
	at java.util.stream.AbstractPipeline.wrapAndCopyInto(AbstractPipeline.java:471) ~[na:1.8.0_101]
	at java.util.stream.StreamSpliterators$WrappingSpliterator.forEachRemaining(StreamSpliterators.java:312) ~[na:1.8.0_101]
	at java.util.stream.Streams$ConcatSpliterator.forEachRemaining(Streams.java:743) ~[na:1.8.0_101]
	at java.util.stream.Streams$ConcatSpliterator.forEachRemaining(Streams.java:742) ~[na:1.8.0_101]
	at java.util.stream.ReferencePipeline$Head.forEach(ReferencePipeline.java:580) ~[na:1.8.0_101]
	at org.junit.jupiter.engine.descriptor.ClassBasedTestDescriptor.invokeTestInstancePostProcessors(ClassBasedTestDescriptor.java:336) [junit-jupiter-engine-5.5.2.jar:5.5.2]
	at org.junit.jupiter.engine.descriptor.ClassBasedTestDescriptor.instantiateAndPostProcessTestInstance(ClassBasedTestDescriptor.java:259) [junit-jupiter-engine-5.5.2.jar:5.5.2]
	at org.junit.jupiter.engine.descriptor.ClassBasedTestDescriptor.lambda$testInstancesProvider$2(ClassBasedTestDescriptor.java:252) [junit-jupiter-engine-5.5.2.jar:5.5.2]
	at java.util.Optional.orElseGet(Optional.java:267) ~[na:1.8.0_101]
	at org.junit.jupiter.engine.descriptor.ClassBasedTestDescriptor.lambda$testInstancesProvider$3(ClassBasedTestDescriptor.java:251) [junit-jupiter-engine-5.5.2.jar:5.5.2]
	at org.junit.jupiter.engine.execution.TestInstancesProvider.getTestInstances(TestInstancesProvider.java:29) ~[junit-jupiter-engine-5.5.2.jar:5.5.2]
	at org.junit.jupiter.engine.descriptor.TestMethodTestDescriptor.lambda$prepare$0(TestMethodTestDescriptor.java:106) ~[junit-jupiter-engine-5.5.2.jar:5.5.2]
	at org.junit.platform.engine.support.hierarchical.ThrowableCollector.execute(ThrowableCollector.java:73) ~[junit-platform-engine-1.5.2.jar:1.5.2]
	at org.junit.jupiter.engine.descriptor.TestMethodTestDescriptor.prepare(TestMethodTestDescriptor.java:105) ~[junit-jupiter-engine-5.5.2.jar:5.5.2]
	at org.junit.jupiter.engine.descriptor.TestMethodTestDescriptor.prepare(TestMethodTestDescriptor.java:69) ~[junit-jupiter-engine-5.5.2.jar:5.5.2]
	at org.junit.platform.engine.support.hierarchical.NodeTestTask.lambda$prepare$1(NodeTestTask.java:107) ~[junit-platform-engine-1.5.2.jar:1.5.2]
	at org.junit.platform.engine.support.hierarchical.ThrowableCollector.execute(ThrowableCollector.java:73) ~[junit-platform-engine-1.5.2.jar:1.5.2]
	at org.junit.platform.engine.support.hierarchical.NodeTestTask.prepare(NodeTestTask.java:107) ~[junit-platform-engine-1.5.2.jar:1.5.2]
	at org.junit.platform.engine.support.hierarchical.NodeTestTask.execute(NodeTestTask.java:75) ~[junit-platform-engine-1.5.2.jar:1.5.2]
	at java.util.ArrayList.forEach(ArrayList.java:1249) ~[na:1.8.0_101]
	at org.junit.platform.engine.support.hierarchical.SameThreadHierarchicalTestExecutorService.invokeAll(SameThreadHierarchicalTestExecutorService.java:38) ~[junit-platform-engine-1.5.2.jar:1.5.2]
	at org.junit.platform.engine.support.hierarchical.NodeTestTask.lambda$executeRecursively$5(NodeTestTask.java:139) ~[junit-platform-engine-1.5.2.jar:1.5.2]
	at org.junit.platform.engine.support.hierarchical.ThrowableCollector.execute(ThrowableCollector.java:73) ~[junit-platform-engine-1.5.2.jar:1.5.2]
	at org.junit.platform.engine.support.hierarchical.NodeTestTask.lambda$executeRecursively$7(NodeTestTask.java:125) ~[junit-platform-engine-1.5.2.jar:1.5.2]
	at org.junit.platform.engine.support.hierarchical.Node.around(Node.java:135) ~[junit-platform-engine-1.5.2.jar:1.5.2]
	at org.junit.platform.engine.support.hierarchical.NodeTestTask.lambda$executeRecursively$8(NodeTestTask.java:123) ~[junit-platform-engine-1.5.2.jar:1.5.2]
	at org.junit.platform.engine.support.hierarchical.ThrowableCollector.execute(ThrowableCollector.java:73) ~[junit-platform-engine-1.5.2.jar:1.5.2]
	at org.junit.platform.engine.support.hierarchical.NodeTestTask.executeRecursively(NodeTestTask.java:122) ~[junit-platform-engine-1.5.2.jar:1.5.2]
	at org.junit.platform.engine.support.hierarchical.NodeTestTask.execute(NodeTestTask.java:80) ~[junit-platform-engine-1.5.2.jar:1.5.2]
	at java.util.ArrayList.forEach(ArrayList.java:1249) ~[na:1.8.0_101]
	at org.junit.platform.engine.support.hierarchical.SameThreadHierarchicalTestExecutorService.invokeAll(SameThreadHierarchicalTestExecutorService.java:38) ~[junit-platform-engine-1.5.2.jar:1.5.2]
	at org.junit.platform.engine.support.hierarchical.NodeTestTask.lambda$executeRecursively$5(NodeTestTask.java:139) ~[junit-platform-engine-1.5.2.jar:1.5.2]
	at org.junit.platform.engine.support.hierarchical.ThrowableCollector.execute(ThrowableCollector.java:73) ~[junit-platform-engine-1.5.2.jar:1.5.2]
	at org.junit.platform.engine.support.hierarchical.NodeTestTask.lambda$executeRecursively$7(NodeTestTask.java:125) ~[junit-platform-engine-1.5.2.jar:1.5.2]
	at org.junit.platform.engine.support.hierarchical.Node.around(Node.java:135) ~[junit-platform-engine-1.5.2.jar:1.5.2]
	at org.junit.platform.engine.support.hierarchical.NodeTestTask.lambda$executeRecursively$8(NodeTestTask.java:123) ~[junit-platform-engine-1.5.2.jar:1.5.2]
	at org.junit.platform.engine.support.hierarchical.ThrowableCollector.execute(ThrowableCollector.java:73) ~[junit-platform-engine-1.5.2.jar:1.5.2]
	at org.junit.platform.engine.support.hierarchical.NodeTestTask.executeRecursively(NodeTestTask.java:122) ~[junit-platform-engine-1.5.2.jar:1.5.2]
	at org.junit.platform.engine.support.hierarchical.NodeTestTask.execute(NodeTestTask.java:80) ~[junit-platform-engine-1.5.2.jar:1.5.2]
	at org.junit.platform.engine.support.hierarchical.SameThreadHierarchicalTestExecutorService.submit(SameThreadHierarchicalTestExecutorService.java:32) ~[junit-platform-engine-1.5.2.jar:1.5.2]
	at org.junit.platform.engine.support.hierarchical.HierarchicalTestExecutor.execute(HierarchicalTestExecutor.java:57) ~[junit-platform-engine-1.5.2.jar:1.5.2]
	at org.junit.platform.engine.support.hierarchical.HierarchicalTestEngine.execute(HierarchicalTestEngine.java:51) ~[junit-platform-engine-1.5.2.jar:1.5.2]
	at org.junit.platform.launcher.core.DefaultLauncher.execute(DefaultLauncher.java:220) ~[junit-platform-launcher-1.3.1.jar:1.3.1]
	at org.junit.platform.launcher.core.DefaultLauncher.lambda$execute$6(DefaultLauncher.java:188) ~[junit-platform-launcher-1.3.1.jar:1.3.1]
	at org.junit.platform.launcher.core.DefaultLauncher.withInterceptedStreams(DefaultLauncher.java:202) ~[junit-platform-launcher-1.3.1.jar:1.3.1]
	at org.junit.platform.launcher.core.DefaultLauncher.execute(DefaultLauncher.java:181) ~[junit-platform-launcher-1.3.1.jar:1.3.1]
	at org.junit.platform.launcher.core.DefaultLauncher.execute(DefaultLauncher.java:128) ~[junit-platform-launcher-1.3.1.jar:1.3.1]
	at org.apache.maven.surefire.junitplatform.JUnitPlatformProvider.invokeAllTests(JUnitPlatformProvider.java:150) ~[surefire-junit-platform-2.22.2.jar:2.22.2]
	at org.apache.maven.surefire.junitplatform.JUnitPlatformProvider.invoke(JUnitPlatformProvider.java:124) ~[surefire-junit-platform-2.22.2.jar:2.22.2]
	at org.apache.maven.surefire.booter.ForkedBooter.invokeProviderInSameClassLoader(ForkedBooter.java:384) ~[surefire-booter-2.22.2.jar:2.22.2]
	at org.apache.maven.surefire.booter.ForkedBooter.runSuitesInProcess(ForkedBooter.java:345) ~[surefire-booter-2.22.2.jar:2.22.2]
	at org.apache.maven.surefire.booter.ForkedBooter.execute(ForkedBooter.java:126) ~[surefire-booter-2.22.2.jar:2.22.2]
	at org.apache.maven.surefire.booter.ForkedBooter.main(ForkedBooter.java:418) ~[surefire-booter-2.22.2.jar:2.22.2]
Caused by: org.springframework.beans.factory.UnsatisfiedDependencyException: Error creating bean with name 'authorizationServer': Unsatisfied dependency expressed through field 'passwordEncoder'; nested exception is org.springframework.beans.factory.NoSuchBeanDefinitionException: No qualifying bean of type 'org.springframework.security.crypto.bcrypt.BCryptPasswordEncoder' available: expected at least 1 bean which qualifies as autowire candidate. Dependency annotations: {@org.springframework.beans.factory.annotation.Autowired(required=true)}
	at org.springframework.beans.factory.annotation.AutowiredAnnotationBeanPostProcessor$AutowiredFieldElement.inject(AutowiredAnnotationBeanPostProcessor.java:643) ~[spring-beans-5.2.2.RELEASE.jar:5.2.2.RELEASE]
	at org.springframework.beans.factory.annotation.InjectionMetadata.inject(InjectionMetadata.java:116) ~[spring-beans-5.2.2.RELEASE.jar:5.2.2.RELEASE]
	at org.springframework.beans.factory.annotation.AutowiredAnnotationBeanPostProcessor.postProcessProperties(AutowiredAnnotationBeanPostProcessor.java:399) ~[spring-beans-5.2.2.RELEASE.jar:5.2.2.RELEASE]
	at org.springframework.beans.factory.support.AbstractAutowireCapableBeanFactory.populateBean(AbstractAutowireCapableBeanFactory.java:1422) ~[spring-beans-5.2.2.RELEASE.jar:5.2.2.RELEASE]
	at org.springframework.beans.factory.support.AbstractAutowireCapableBeanFactory.doCreateBean(AbstractAutowireCapableBeanFactory.java:594) ~[spring-beans-5.2.2.RELEASE.jar:5.2.2.RELEASE]
	at org.springframework.beans.factory.support.AbstractAutowireCapableBeanFactory.createBean(AbstractAutowireCapableBeanFactory.java:517) ~[spring-beans-5.2.2.RELEASE.jar:5.2.2.RELEASE]
	at org.springframework.beans.factory.support.AbstractBeanFactory.lambda$doGetBean$0(AbstractBeanFactory.java:323) ~[spring-beans-5.2.2.RELEASE.jar:5.2.2.RELEASE]
	at org.springframework.beans.factory.support.DefaultSingletonBeanRegistry.getSingleton(DefaultSingletonBeanRegistry.java:222) ~[spring-beans-5.2.2.RELEASE.jar:5.2.2.RELEASE]
	at org.springframework.beans.factory.support.AbstractBeanFactory.doGetBean(AbstractBeanFactory.java:321) ~[spring-beans-5.2.2.RELEASE.jar:5.2.2.RELEASE]
	at org.springframework.beans.factory.support.AbstractBeanFactory.getBean(AbstractBeanFactory.java:202) ~[spring-beans-5.2.2.RELEASE.jar:5.2.2.RELEASE]
	at org.springframework.beans.factory.support.DefaultListableBeanFactory.preInstantiateSingletons(DefaultListableBeanFactory.java:879) ~[spring-beans-5.2.2.RELEASE.jar:5.2.2.RELEASE]
	at org.springframework.context.support.AbstractApplicationContext.finishBeanFactoryInitialization(AbstractApplicationContext.java:878) ~[spring-context-5.2.2.RELEASE.jar:5.2.2.RELEASE]
	at org.springframework.context.support.AbstractApplicationContext.refresh(AbstractApplicationContext.java:550) ~[spring-context-5.2.2.RELEASE.jar:5.2.2.RELEASE]
	at org.springframework.boot.SpringApplication.refresh(SpringApplication.java:747) ~[spring-boot-2.2.2.RELEASE.jar:2.2.2.RELEASE]
	at org.springframework.boot.SpringApplication.refreshContext(SpringApplication.java:397) ~[spring-boot-2.2.2.RELEASE.jar:2.2.2.RELEASE]
	at org.springframework.boot.SpringApplication.run(SpringApplication.java:315) ~[spring-boot-2.2.2.RELEASE.jar:2.2.2.RELEASE]
	at org.springframework.boot.test.context.SpringBootContextLoader.loadContext(SpringBootContextLoader.java:125) ~[spring-boot-test-2.2.2.RELEASE.jar:2.2.2.RELEASE]
	at org.springframework.test.context.cache.DefaultCacheAwareContextLoaderDelegate.loadContextInternal(DefaultCacheAwareContextLoaderDelegate.java:99) ~[spring-test-5.2.2.RELEASE.jar:5.2.2.RELEASE]
	at org.springframework.test.context.cache.DefaultCacheAwareContextLoaderDelegate.loadContext(DefaultCacheAwareContextLoaderDelegate.java:124) ~[spring-test-5.2.2.RELEASE.jar:5.2.2.RELEASE]
	... 65 common frames omitted
Caused by: org.springframework.beans.factory.NoSuchBeanDefinitionException: No qualifying bean of type 'org.springframework.security.crypto.bcrypt.BCryptPasswordEncoder' available: expected at least 1 bean which qualifies as autowire candidate. Dependency annotations: {@org.springframework.beans.factory.annotation.Autowired(required=true)}
	at org.springframework.beans.factory.support.DefaultListableBeanFactory.raiseNoMatchingBeanFound(DefaultListableBeanFactory.java:1695) ~[spring-beans-5.2.2.RELEASE.jar:5.2.2.RELEASE]
	at org.springframework.beans.factory.support.DefaultListableBeanFactory.doResolveDependency(DefaultListableBeanFactory.java:1253) ~[spring-beans-5.2.2.RELEASE.jar:5.2.2.RELEASE]
	at org.springframework.beans.factory.support.DefaultListableBeanFactory.resolveDependency(DefaultListableBeanFactory.java:1207) ~[spring-beans-5.2.2.RELEASE.jar:5.2.2.RELEASE]
	at org.springframework.beans.factory.annotation.AutowiredAnnotationBeanPostProcessor$AutowiredFieldElement.inject(AutowiredAnnotationBeanPostProcessor.java:640) ~[spring-beans-5.2.2.RELEASE.jar:5.2.2.RELEASE]
	... 83 common frames omitted

]]></system-out>
  </testcase>
</testsuite>